#
# A fatal error has been detected by the Java Runtime Environment:
#
#  EXCEPTION_ACCESS_VIOLATION (0xc0000005) at pc=0x00007ffe66b9f74a, pid=112188, tid=76020
#
# JRE version: Java(TM) SE Runtime Environment (14.0.1+7) (build 14.0.1+7)
# Java VM: Java HotSpot(TM) 64-Bit Server VM (14.0.1+7, mixed mode, sharing, tiered, compressed oops, g1 gc, windows-amd64)
# Problematic frame:
# C  [awt.dll+0x8f74a]
#
# No core dump will be written. Minidumps are not enabled by default on client versions of Windows
#
# If you would like to submit a bug report, please visit:
#   https://bugreport.java.com/bugreport/crash.jsp
# The crash happened outside the Java Virtual Machine in native code.
# See problematic frame for where to report the bug.
#

---------------  S U M M A R Y ------------

Command Line: -javaagent:C:\Users\kumar\AppData\Local\JetBrains\Toolbox\apps\IDEA-U\ch-0\203.7148.57\lib\idea_rt.jar=65521:C:\Users\kumar\AppData\Local\JetBrains\Toolbox\apps\IDEA-U\ch-0\203.7148.57\bin -Dfile.encoding=UTF-8 xyz.tomo.programming.TwitterFalcon

Host: Intel(R) Core(TM) i7-2600 CPU @ 3.40GHz, 8 cores, 21G,  Windows 10 , 64 bit Build 19041 (10.0.19041.804)
Time: Mon Mar  8 17:24:41 2021 ìåãû (ïWèÄéû) elapsed time: 1 seconds (0d 0h 0m 1s)

---------------  T H R E A D  ---------------

Current thread (0x0000024f0c839800):  JavaThread "main" [_thread_in_native, id=76020, stack(0x000000f79f300000,0x000000f79f400000)]

Stack: [0x000000f79f300000,0x000000f79f400000],  sp=0x000000f79f3fe800,  free space=1018k
Native frames: (J=compiled Java code, j=interpreted, Vv=VM code, C=native code)
C  [awt.dll+0x8f74a]

Java frames: (J=compiled Java code, j=interpreted, Vv=VM code)
j  sun.awt.windows.WComponentPeer._setFont(Ljava/awt/Font;)V+0 java.desktop@14.0.1
j  sun.awt.windows.WComponentPeer.setFont(Ljava/awt/Font;)V+7 java.desktop@14.0.1
j  sun.awt.windows.WWindowPeer.initialize()V+42 java.desktop@14.0.1
j  sun.awt.windows.WFramePeer.initialize()V+1 java.desktop@14.0.1
j  sun.awt.windows.WComponentPeer.<init>(Ljava/awt/Component;)V+83 java.desktop@14.0.1
j  sun.awt.windows.WCanvasPeer.<init>(Ljava/awt/Component;)V+2 java.desktop@14.0.1
j  sun.awt.windows.WPanelPeer.<init>(Ljava/awt/Component;)V+2 java.desktop@14.0.1
j  sun.awt.windows.WWindowPeer.<init>(Ljava/awt/Window;)V+2 java.desktop@14.0.1
j  sun.awt.windows.WFramePeer.<init>(Ljava/awt/Frame;)V+2 java.desktop@14.0.1
j  sun.awt.windows.WToolkit.createFrame(Ljava/awt/Frame;)Ljava/awt/peer/FramePeer;+5 java.desktop@14.0.1
j  java.awt.Frame.addNotify()V+20 java.desktop@14.0.1
j  java.awt.Window.show()V+8 java.desktop@14.0.1
j  java.awt.Component.show(Z)V+5 java.desktop@14.0.1
j  java.awt.Component.setVisible(Z)V+2 java.desktop@14.0.1
j  java.awt.Window.setVisible(Z)V+2 java.desktop@14.0.1
j  xyz.tomo.programming.Window.<init>()V+32
j  xyz.tomo.programming.TwitterFalcon.main([Ljava/lang/String;)V+4
v  ~StubRoutines::call_stub

siginfo: EXCEPTION_ACCESS_VIOLATION (0xc0000005), reading address 0x0000000000000058


Register to memory mapping:

RIP=0x00007ffe66b9f74a awt.dll
RAX=0x00007ffe66c1a660 awt.dll
RBX=0x0000024f0c839b10 points into unknown readable memory: a0 1a 16 37 fe 7f 00 00
RCX=0x0000024f3bcbd130 points into unknown readable memory: 60 a6 c1 66 fe 7f 00 00
RDX=0x0 is NULL
RSP=0x000000f79f3fe800 is pointing into the stack for thread: 0x0000024f0c839800
RBP=0x0 is NULL
RSI=0x0000024f3befa7f0 is a global jni handle
RDI=0x0000024f3befa7f8 is a global jni handle
R8 =0x0000000000000042 is an unknown value
R9 =0x0000000800b52930 is a pointer to class: 
java.awt.Font {0x0000000800b52938}
R10=0x0000000000008000 is an unknown value
R11=0x000000f79f3fe800 is pointing into the stack for thread: 0x0000024f0c839800
R12=0x0 is NULL
R13={method} {0x0000024f340a1ec8} '_setFont' '(Ljava/awt/Font;)V' in 'sun/awt/windows/WComponentPeer'
R14=0x0000024f3bcbd130 points into unknown readable memory: 60 a6 c1 66 fe 7f 00 00
R15=0x0000024f3be90bb0 points into unknown readable memory: f0 a7 ef 3b 4f 02 00 00


Registers:
RAX=0x00007ffe66c1a660, RBX=0x0000024f0c839b10, RCX=0x0000024f3bcbd130, RDX=0x0000000000000000
RSP=0x000000f79f3fe800, RBP=0x0000000000000000, RSI=0x0000024f3befa7f0, RDI=0x0000024f3befa7f8
R8 =0x0000000000000042, R9 =0x0000000800b52930, R10=0x0000000000008000, R11=0x000000f79f3fe800
R12=0x0000000000000000, R13=0x0000024f340a1ec0, R14=0x0000024f3bcbd130, R15=0x0000024f3be90bb0
RIP=0x00007ffe66b9f74a, EFLAGS=0x0000000000010206

Top of Stack: (sp=0x000000f79f3fe800)
0x000000f79f3fe800:   0000024f3be90bb0 0000024f3bcbd130
0x000000f79f3fe810:   0000024f3be90bb0 0000024f3bcbd130
0x000000f79f3fe820:   0000024f3befa7f8 00007ffe66ba4655
0x000000f79f3fe830:   0000024f0c839b10 0000024f0c839b10
0x000000f79f3fe840:   0000000000000000 0000024f3befa7f0
0x000000f79f3fe850:   0000024f0c839800 000000f79f3fe9a8
0x000000f79f3fe860:   0000024f3be90bb0 00007ffe66bdd59b
0x000000f79f3fe870:   00007ffe66c5f018 000000f79f3fe980
0x000000f79f3fe880:   00007ffe66ba4528 0000000000000000
0x000000f79f3fe890:   fffffffffffffffe fffffffffffffffe
0x000000f79f3fe8a0:   0000024f3befa7f0 00007ffe66ba581c
0x000000f79f3fe8b0:   0000024f3befa7f8 000000f79f3fe9a0
0x000000f79f3fe8c0:   000000f79f3fe9a0 00007ffe66c5f018
0x000000f79f3fe8d0:   fffffffffffffffe 00007ffe36ad6c39
0x000000f79f3fe8e0:   0000024f14ffa1b3 0000024f15000034
0x000000f79f3fe8f0:   0000024f340a1ec0 0000000000000001 

Instructions: (pc=0x00007ffe66b9f74a)
0x00007ffe66b9f64a:   00 48 8b d9 e8 d9 dc ff ff 48 8b f8 48 85 c0 75
0x00007ffe66b9f65a:   04 48 8b 7b 48 48 8b cf e8 93 15 05 00 48 8b d8
0x00007ffe66b9f66a:   48 85 c0 74 60 83 64 24 20 00 0f 57 c0 83 64 24
0x00007ffe66b9f67a:   34 00 b9 11 00 00 00 83 64 24 38 00 f3 0f 7f 44
0x00007ffe66b9f68a:   24 24 ff 15 86 bc 0b 00 4c 8d 44 24 40 ba 5c 00
0x00007ffe66b9f69a:   00 00 48 8b c8 ff 15 2b bf 0b 00 83 f8 5c 75 0d
0x00007ffe66b9f6aa:   48 8d 54 24 40 48 8b cb e8 f2 15 05 00 48 8d 54
0x00007ffe66b9f6ba:   24 20 48 8b cb e8 09 16 05 00 48 8b d3 48 8b cf
0x00007ffe66b9f6ca:   e8 b6 15 05 00 48 8b 8c 24 a0 00 00 00 48 33 cc
0x00007ffe66b9f6da:   e8 e1 22 05 00 48 8b 9c 24 c8 00 00 00 48 81 c4
0x00007ffe66b9f6ea:   b0 00 00 00 5f c3 40 53 48 83 ec 20 48 8b d9 ff
0x00007ffe66b9f6fa:   15 69 c4 0b 00 48 85 c0 75 0a 48 8b 4b 48 ff 15
0x00007ffe66b9f70a:   52 c4 0b 00 48 83 c4 20 5b c3 4c 63 c2 48 8b 15
0x00007ffe66b9f71a:   2a a8 0b 00 48 ff 25 e3 c2 0b 00 cc cc cc 48 8b
0x00007ffe66b9f72a:   d1 48 8b 0d 1e d8 0b 00 48 89 15 17 d8 0b 00 e9
0x00007ffe66b9f73a:   f6 63 04 00 cc cc 48 89 5c 24 08 57 48 83 ec 20
0x00007ffe66b9f74a:   83 7a 58 00 48 8b da 48 8b f9 7d 08 48 8b ca e8
0x00007ffe66b9f75a:   4a 95 01 00 4c 8b 43 48 45 33 c9 48 8b 4f 48 4d
0x00007ffe66b9f76a:   8b 00 41 8d 51 30 ff 15 5a c5 0b 00 48 8b 4f 48
0x00007ffe66b9f77a:   33 d2 44 8d 42 01 48 8b 5c 24 30 48 83 c4 20 5f
0x00007ffe66b9f78a:   48 ff 25 f7 c3 0b 00 cc cc cc 48 8b c4 48 89 58
0x00007ffe66b9f79a:   08 48 89 68 10 48 89 70 18 48 89 78 20 41 56 48
0x00007ffe66b9f7aa:   83 ec 20 4c 8b f2 48 8b f9 48 8b 0d 3e f6 0b 00
0x00007ffe66b9f7ba:   ba 02 00 01 00 41 8b e8 e8 04 21 05 00 48 8b 97
0x00007ffe66b9f7ca:   c0 00 00 00 33 db 48 8b f0 48 85 d2 74 0d 4c 8b
0x00007ffe66b9f7da:   08 48 8b c8 41 ff 91 b0 00 00 00 4d 85 f6 74 14
0x00007ffe66b9f7ea:   48 8b 06 49 8b d6 48 8b ce ff 90 a8 00 00 00 48
0x00007ffe66b9f7fa:   8b d8 eb 05 bd 01 00 00 00 48 89 9f c0 00 00 00
0x00007ffe66b9f80a:   89 af c8 00 00 00 48 8b 5c 24 30 48 8b 6c 24 38
0x00007ffe66b9f81a:   48 8b 74 24 40 48 8b 7c 24 48 48 83 c4 20 41 5e
0x00007ffe66b9f82a:   c3 cc 48 89 5c 24 08 48 89 6c 24 10 48 89 74 24
0x00007ffe66b9f83a:   18 57 48 83 ec 20 33 db 48 8b f9 48 85 c9 75 09 


Stack slot to memory mapping:
stack at sp + 0 slots: 0x0000024f3be90bb0 points into unknown readable memory: f0 a7 ef 3b 4f 02 00 00
stack at sp + 1 slots: 0x0000024f3bcbd130 points into unknown readable memory: 60 a6 c1 66 fe 7f 00 00
stack at sp + 2 slots: 0x0000024f3be90bb0 points into unknown readable memory: f0 a7 ef 3b 4f 02 00 00
stack at sp + 3 slots: 0x0000024f3bcbd130 points into unknown readable memory: 60 a6 c1 66 fe 7f 00 00
stack at sp + 4 slots: 0x0000024f3befa7f8 is a global jni handle
stack at sp + 5 slots: 0x00007ffe66ba4655 awt.dll
stack at sp + 6 slots: 0x0000024f0c839b10 points into unknown readable memory: a0 1a 16 37 fe 7f 00 00
stack at sp + 7 slots: 0x0000024f0c839b10 points into unknown readable memory: a0 1a 16 37 fe 7f 00 00


---------------  P R O C E S S  ---------------

Threads class SMR info:
_java_thread_list=0x0000024f350fd9b0, length=16, elements={
0x0000024f0c839800, 0x0000024f33f0a800, 0x0000024f33f0c000, 0x0000024f33f29800,
0x0000024f33f2d000, 0x0000024f3484e000, 0x0000024f3484f800, 0x0000024f34852800,
0x0000024f34853800, 0x0000024f3496f000, 0x0000024f34a33000, 0x0000024f34a33800,
0x0000024f34d6e000, 0x0000024f34d73000, 0x0000024f34d7f800, 0x0000024f3bf2b000
}

Java Threads: ( => current thread )
=>0x0000024f0c839800 JavaThread "main" [_thread_in_native, id=76020, stack(0x000000f79f300000,0x000000f79f400000)]
  0x0000024f33f0a800 JavaThread "Reference Handler" daemon [_thread_blocked, id=110344, stack(0x000000f79fa00000,0x000000f79fb00000)]
  0x0000024f33f0c000 JavaThread "Finalizer" daemon [_thread_blocked, id=103100, stack(0x000000f79fb00000,0x000000f79fc00000)]
  0x0000024f33f29800 JavaThread "Signal Dispatcher" daemon [_thread_blocked, id=123768, stack(0x000000f79fc00000,0x000000f79fd00000)]
  0x0000024f33f2d000 JavaThread "Attach Listener" daemon [_thread_blocked, id=122656, stack(0x000000f79fd00000,0x000000f79fe00000)]
  0x0000024f3484e000 JavaThread "Service Thread" daemon [_thread_blocked, id=124312, stack(0x000000f79fe00000,0x000000f79ff00000)]
  0x0000024f3484f800 JavaThread "C2 CompilerThread0" daemon [_thread_blocked, id=115336, stack(0x000000f79ff00000,0x000000f7a0000000)]
  0x0000024f34852800 JavaThread "C1 CompilerThread0" daemon [_thread_blocked, id=16044, stack(0x000000f7a0000000,0x000000f7a0100000)]
  0x0000024f34853800 JavaThread "Sweeper thread" daemon [_thread_blocked, id=127676, stack(0x000000f7a0100000,0x000000f7a0200000)]
  0x0000024f3496f000 JavaThread "Common-Cleaner" daemon [_thread_blocked, id=129160, stack(0x000000f7a0200000,0x000000f7a0300000)]
  0x0000024f34a33000 JavaThread "Monitor Ctrl-Break" daemon [_thread_in_native, id=127160, stack(0x000000f7a0300000,0x000000f7a0400000)]
  0x0000024f34a33800 JavaThread "Notification Thread" daemon [_thread_blocked, id=125632, stack(0x000000f7a0400000,0x000000f7a0500000)]
  0x0000024f34d6e000 JavaThread "Java2D Disposer" daemon [_thread_blocked, id=108244, stack(0x000000f7a0600000,0x000000f7a0700000)]
  0x0000024f34d73000 JavaThread "AWT-Shutdown" [_thread_blocked, id=105192, stack(0x000000f7a0700000,0x000000f7a0800000)]
  0x0000024f34d7f800 JavaThread "AWT-Windows" daemon [_thread_in_native, id=14316, stack(0x000000f7a0800000,0x000000f7a0900000)]
  0x0000024f3bf2b000 JavaThread "AWT-EventQueue-0" [_thread_blocked, id=122196, stack(0x000000f7a0b40000,0x000000f7a0c40000)]

Other Threads:
  0x0000024f33f07800 VMThread "VM Thread" [stack: 0x000000f79f900000,0x000000f79fa00000] [id=119416]
  0x0000024f34a34800 WatcherThread [stack: 0x000000f7a0500000,0x000000f7a0600000] [id=49412]
  0x0000024f0c8bc000 GCTaskThread "GC Thread#0" [stack: 0x000000f79f400000,0x000000f79f500000] [id=104360]
  0x0000024f0c8eb800 ConcurrentGCThread "G1 Main Marker" [stack: 0x000000f79f500000,0x000000f79f600000] [id=127248]
  0x0000024f0c8ec800 ConcurrentGCThread "G1 Conc#0" [stack: 0x000000f79f600000,0x000000f79f700000] [id=110024]
  0x0000024f33e88800 ConcurrentGCThread "G1 Refine#0" [stack: 0x000000f79f700000,0x000000f79f800000] [id=103536]
  0x0000024f33e89800 ConcurrentGCThread "G1 Young RemSet Sampling" [stack: 0x000000f79f800000,0x000000f79f900000] [id=68032]

Threads with active compile tasks:

VM state:not at safepoint (normal execution)

VM Mutex/Monitor currently owned by a thread: None

Heap address: 0x00000006a1c00000, size: 5604 MB, Compressed Oops mode: Zero based, Oop shift amount: 3
Narrow klass base: 0x0000000800000000, Narrow klass shift: 3
Compressed class space size: 1073741824 Address: 0x0000000800b30000

Heap:
 garbage-first heap   total 360448K, used 6144K [0x00000006a1c00000, 0x0000000800000000)
  region size 1024K, 7 young (7168K), 0 survivors (0K)
 Metaspace       used 6150K, capacity 6353K, committed 6528K, reserved 1056768K
  class space    used 690K, capacity 807K, committed 896K, reserved 1048576K
Heap Regions: E=young(eden), S=young(survivor), O=old, HS=humongous(starts), HC=humongous(continues), CS=collection set, F=free, OA=open archive, CA=closed archive, TAMS=top-at-mark-start (previous, next)
|   0|0x00000006a1c00000, 0x00000006a1c00000, 0x00000006a1d00000|  0%| F|  |TAMS 0x00000006a1c00000, 0x00000006a1c00000| Untracked 
|   1|0x00000006a1d00000, 0x00000006a1d00000, 0x00000006a1e00000|  0%| F|  |TAMS 0x00000006a1d00000, 0x00000006a1d00000| Untracked 
|   2|0x00000006a1e00000, 0x00000006a1e00000, 0x00000006a1f00000|  0%| F|  |TAMS 0x00000006a1e00000, 0x00000006a1e00000| Untracked 
|   3|0x00000006a1f00000, 0x00000006a1f00000, 0x00000006a2000000|  0%| F|  |TAMS 0x00000006a1f00000, 0x00000006a1f00000| Untracked 
|   4|0x00000006a2000000, 0x00000006a2000000, 0x00000006a2100000|  0%| F|  |TAMS 0x00000006a2000000, 0x00000006a2000000| Untracked 
|   5|0x00000006a2100000, 0x00000006a2100000, 0x00000006a2200000|  0%| F|  |TAMS 0x00000006a2100000, 0x00000006a2100000| Untracked 
|   6|0x00000006a2200000, 0x00000006a2200000, 0x00000006a2300000|  0%| F|  |TAMS 0x00000006a2200000, 0x00000006a2200000| Untracked 
|   7|0x00000006a2300000, 0x00000006a2300000, 0x00000006a2400000|  0%| F|  |TAMS 0x00000006a2300000, 0x00000006a2300000| Untracked 
|   8|0x00000006a2400000, 0x00000006a2400000, 0x00000006a2500000|  0%| F|  |TAMS 0x00000006a2400000, 0x00000006a2400000| Untracked 
|   9|0x00000006a2500000, 0x00000006a2500000, 0x00000006a2600000|  0%| F|  |TAMS 0x00000006a2500000, 0x00000006a2500000| Untracked 
|  10|0x00000006a2600000, 0x00000006a2600000, 0x00000006a2700000|  0%| F|  |TAMS 0x00000006a2600000, 0x00000006a2600000| Untracked 
|  11|0x00000006a2700000, 0x00000006a2700000, 0x00000006a2800000|  0%| F|  |TAMS 0x00000006a2700000, 0x00000006a2700000| Untracked 
|  12|0x00000006a2800000, 0x00000006a2800000, 0x00000006a2900000|  0%| F|  |TAMS 0x00000006a2800000, 0x00000006a2800000| Untracked 
|  13|0x00000006a2900000, 0x00000006a2900000, 0x00000006a2a00000|  0%| F|  |TAMS 0x00000006a2900000, 0x00000006a2900000| Untracked 
|  14|0x00000006a2a00000, 0x00000006a2a00000, 0x00000006a2b00000|  0%| F|  |TAMS 0x00000006a2a00000, 0x00000006a2a00000| Untracked 
|  15|0x00000006a2b00000, 0x00000006a2b00000, 0x00000006a2c00000|  0%| F|  |TAMS 0x00000006a2b00000, 0x00000006a2b00000| Untracked 
|  16|0x00000006a2c00000, 0x00000006a2c00000, 0x00000006a2d00000|  0%| F|  |TAMS 0x00000006a2c00000, 0x00000006a2c00000| Untracked 
|  17|0x00000006a2d00000, 0x00000006a2d00000, 0x00000006a2e00000|  0%| F|  |TAMS 0x00000006a2d00000, 0x00000006a2d00000| Untracked 
|  18|0x00000006a2e00000, 0x00000006a2e00000, 0x00000006a2f00000|  0%| F|  |TAMS 0x00000006a2e00000, 0x00000006a2e00000| Untracked 
|  19|0x00000006a2f00000, 0x00000006a2f00000, 0x00000006a3000000|  0%| F|  |TAMS 0x00000006a2f00000, 0x00000006a2f00000| Untracked 
|  20|0x00000006a3000000, 0x00000006a3000000, 0x00000006a3100000|  0%| F|  |TAMS 0x00000006a3000000, 0x00000006a3000000| Untracked 
|  21|0x00000006a3100000, 0x00000006a3100000, 0x00000006a3200000|  0%| F|  |TAMS 0x00000006a3100000, 0x00000006a3100000| Untracked 
|  22|0x00000006a3200000, 0x00000006a3200000, 0x00000006a3300000|  0%| F|  |TAMS 0x00000006a3200000, 0x00000006a3200000| Untracked 
|  23|0x00000006a3300000, 0x00000006a3300000, 0x00000006a3400000|  0%| F|  |TAMS 0x00000006a3300000, 0x00000006a3300000| Untracked 
|  24|0x00000006a3400000, 0x00000006a3400000, 0x00000006a3500000|  0%| F|  |TAMS 0x00000006a3400000, 0x00000006a3400000| Untracked 
|  25|0x00000006a3500000, 0x00000006a3500000, 0x00000006a3600000|  0%| F|  |TAMS 0x00000006a3500000, 0x00000006a3500000| Untracked 
|  26|0x00000006a3600000, 0x00000006a3600000, 0x00000006a3700000|  0%| F|  |TAMS 0x00000006a3600000, 0x00000006a3600000| Untracked 
|  27|0x00000006a3700000, 0x00000006a3700000, 0x00000006a3800000|  0%| F|  |TAMS 0x00000006a3700000, 0x00000006a3700000| Untracked 
|  28|0x00000006a3800000, 0x00000006a3800000, 0x00000006a3900000|  0%| F|  |TAMS 0x00000006a3800000, 0x00000006a3800000| Untracked 
|  29|0x00000006a3900000, 0x00000006a3900000, 0x00000006a3a00000|  0%| F|  |TAMS 0x00000006a3900000, 0x00000006a3900000| Untracked 
|  30|0x00000006a3a00000, 0x00000006a3a00000, 0x00000006a3b00000|  0%| F|  |TAMS 0x00000006a3a00000, 0x00000006a3a00000| Untracked 
|  31|0x00000006a3b00000, 0x00000006a3b00000, 0x00000006a3c00000|  0%| F|  |TAMS 0x00000006a3b00000, 0x00000006a3b00000| Untracked 
|  32|0x00000006a3c00000, 0x00000006a3c00000, 0x00000006a3d00000|  0%| F|  |TAMS 0x00000006a3c00000, 0x00000006a3c00000| Untracked 
|  33|0x00000006a3d00000, 0x00000006a3d00000, 0x00000006a3e00000|  0%| F|  |TAMS 0x00000006a3d00000, 0x00000006a3d00000| Untracked 
|  34|0x00000006a3e00000, 0x00000006a3e00000, 0x00000006a3f00000|  0%| F|  |TAMS 0x00000006a3e00000, 0x00000006a3e00000| Untracked 
|  35|0x00000006a3f00000, 0x00000006a3f00000, 0x00000006a4000000|  0%| F|  |TAMS 0x00000006a3f00000, 0x00000006a3f00000| Untracked 
|  36|0x00000006a4000000, 0x00000006a4000000, 0x00000006a4100000|  0%| F|  |TAMS 0x00000006a4000000, 0x00000006a4000000| Untracked 
|  37|0x00000006a4100000, 0x00000006a4100000, 0x00000006a4200000|  0%| F|  |TAMS 0x00000006a4100000, 0x00000006a4100000| Untracked 
|  38|0x00000006a4200000, 0x00000006a4200000, 0x00000006a4300000|  0%| F|  |TAMS 0x00000006a4200000, 0x00000006a4200000| Untracked 
|  39|0x00000006a4300000, 0x00000006a4300000, 0x00000006a4400000|  0%| F|  |TAMS 0x00000006a4300000, 0x00000006a4300000| Untracked 
|  40|0x00000006a4400000, 0x00000006a4400000, 0x00000006a4500000|  0%| F|  |TAMS 0x00000006a4400000, 0x00000006a4400000| Untracked 
|  41|0x00000006a4500000, 0x00000006a4500000, 0x00000006a4600000|  0%| F|  |TAMS 0x00000006a4500000, 0x00000006a4500000| Untracked 
|  42|0x00000006a4600000, 0x00000006a4600000, 0x00000006a4700000|  0%| F|  |TAMS 0x00000006a4600000, 0x00000006a4600000| Untracked 
|  43|0x00000006a4700000, 0x00000006a4700000, 0x00000006a4800000|  0%| F|  |TAMS 0x00000006a4700000, 0x00000006a4700000| Untracked 
|  44|0x00000006a4800000, 0x00000006a4800000, 0x00000006a4900000|  0%| F|  |TAMS 0x00000006a4800000, 0x00000006a4800000| Untracked 
|  45|0x00000006a4900000, 0x00000006a4900000, 0x00000006a4a00000|  0%| F|  |TAMS 0x00000006a4900000, 0x00000006a4900000| Untracked 
|  46|0x00000006a4a00000, 0x00000006a4a00000, 0x00000006a4b00000|  0%| F|  |TAMS 0x00000006a4a00000, 0x00000006a4a00000| Untracked 
|  47|0x00000006a4b00000, 0x00000006a4b00000, 0x00000006a4c00000|  0%| F|  |TAMS 0x00000006a4b00000, 0x00000006a4b00000| Untracked 
|  48|0x00000006a4c00000, 0x00000006a4c00000, 0x00000006a4d00000|  0%| F|  |TAMS 0x00000006a4c00000, 0x00000006a4c00000| Untracked 
|  49|0x00000006a4d00000, 0x00000006a4d00000, 0x00000006a4e00000|  0%| F|  |TAMS 0x00000006a4d00000, 0x00000006a4d00000| Untracked 
|  50|0x00000006a4e00000, 0x00000006a4e00000, 0x00000006a4f00000|  0%| F|  |TAMS 0x00000006a4e00000, 0x00000006a4e00000| Untracked 
|  51|0x00000006a4f00000, 0x00000006a4f00000, 0x00000006a5000000|  0%| F|  |TAMS 0x00000006a4f00000, 0x00000006a4f00000| Untracked 
|  52|0x00000006a5000000, 0x00000006a5000000, 0x00000006a5100000|  0%| F|  |TAMS 0x00000006a5000000, 0x00000006a5000000| Untracked 
|  53|0x00000006a5100000, 0x00000006a5100000, 0x00000006a5200000|  0%| F|  |TAMS 0x00000006a5100000, 0x00000006a5100000| Untracked 
|  54|0x00000006a5200000, 0x00000006a5200000, 0x00000006a5300000|  0%| F|  |TAMS 0x00000006a5200000, 0x00000006a5200000| Untracked 
|  55|0x00000006a5300000, 0x00000006a5300000, 0x00000006a5400000|  0%| F|  |TAMS 0x00000006a5300000, 0x00000006a5300000| Untracked 
|  56|0x00000006a5400000, 0x00000006a5400000, 0x00000006a5500000|  0%| F|  |TAMS 0x00000006a5400000, 0x00000006a5400000| Untracked 
|  57|0x00000006a5500000, 0x00000006a5500000, 0x00000006a5600000|  0%| F|  |TAMS 0x00000006a5500000, 0x00000006a5500000| Untracked 
|  58|0x00000006a5600000, 0x00000006a5600000, 0x00000006a5700000|  0%| F|  |TAMS 0x00000006a5600000, 0x00000006a5600000| Untracked 
|  59|0x00000006a5700000, 0x00000006a5700000, 0x00000006a5800000|  0%| F|  |TAMS 0x00000006a5700000, 0x00000006a5700000| Untracked 
|  60|0x00000006a5800000, 0x00000006a5800000, 0x00000006a5900000|  0%| F|  |TAMS 0x00000006a5800000, 0x00000006a5800000| Untracked 
|  61|0x00000006a5900000, 0x00000006a5900000, 0x00000006a5a00000|  0%| F|  |TAMS 0x00000006a5900000, 0x00000006a5900000| Untracked 
|  62|0x00000006a5a00000, 0x00000006a5a00000, 0x00000006a5b00000|  0%| F|  |TAMS 0x00000006a5a00000, 0x00000006a5a00000| Untracked 
|  63|0x00000006a5b00000, 0x00000006a5b00000, 0x00000006a5c00000|  0%| F|  |TAMS 0x00000006a5b00000, 0x00000006a5b00000| Untracked 
|  64|0x00000006a5c00000, 0x00000006a5c00000, 0x00000006a5d00000|  0%| F|  |TAMS 0x00000006a5c00000, 0x00000006a5c00000| Untracked 
|  65|0x00000006a5d00000, 0x00000006a5d00000, 0x00000006a5e00000|  0%| F|  |TAMS 0x00000006a5d00000, 0x00000006a5d00000| Untracked 
|  66|0x00000006a5e00000, 0x00000006a5e00000, 0x00000006a5f00000|  0%| F|  |TAMS 0x00000006a5e00000, 0x00000006a5e00000| Untracked 
|  67|0x00000006a5f00000, 0x00000006a5f00000, 0x00000006a6000000|  0%| F|  |TAMS 0x00000006a5f00000, 0x00000006a5f00000| Untracked 
|  68|0x00000006a6000000, 0x00000006a6000000, 0x00000006a6100000|  0%| F|  |TAMS 0x00000006a6000000, 0x00000006a6000000| Untracked 
|  69|0x00000006a6100000, 0x00000006a6100000, 0x00000006a6200000|  0%| F|  |TAMS 0x00000006a6100000, 0x00000006a6100000| Untracked 
|  70|0x00000006a6200000, 0x00000006a6200000, 0x00000006a6300000|  0%| F|  |TAMS 0x00000006a6200000, 0x00000006a6200000| Untracked 
|  71|0x00000006a6300000, 0x00000006a6300000, 0x00000006a6400000|  0%| F|  |TAMS 0x00000006a6300000, 0x00000006a6300000| Untracked 
|  72|0x00000006a6400000, 0x00000006a6400000, 0x00000006a6500000|  0%| F|  |TAMS 0x00000006a6400000, 0x00000006a6400000| Untracked 
|  73|0x00000006a6500000, 0x00000006a6500000, 0x00000006a6600000|  0%| F|  |TAMS 0x00000006a6500000, 0x00000006a6500000| Untracked 
|  74|0x00000006a6600000, 0x00000006a6600000, 0x00000006a6700000|  0%| F|  |TAMS 0x00000006a6600000, 0x00000006a6600000| Untracked 
|  75|0x00000006a6700000, 0x00000006a6700000, 0x00000006a6800000|  0%| F|  |TAMS 0x00000006a6700000, 0x00000006a6700000| Untracked 
|  76|0x00000006a6800000, 0x00000006a6800000, 0x00000006a6900000|  0%| F|  |TAMS 0x00000006a6800000, 0x00000006a6800000| Untracked 
|  77|0x00000006a6900000, 0x00000006a6900000, 0x00000006a6a00000|  0%| F|  |TAMS 0x00000006a6900000, 0x00000006a6900000| Untracked 
|  78|0x00000006a6a00000, 0x00000006a6a00000, 0x00000006a6b00000|  0%| F|  |TAMS 0x00000006a6a00000, 0x00000006a6a00000| Untracked 
|  79|0x00000006a6b00000, 0x00000006a6b00000, 0x00000006a6c00000|  0%| F|  |TAMS 0x00000006a6b00000, 0x00000006a6b00000| Untracked 
|  80|0x00000006a6c00000, 0x00000006a6c00000, 0x00000006a6d00000|  0%| F|  |TAMS 0x00000006a6c00000, 0x00000006a6c00000| Untracked 
|  81|0x00000006a6d00000, 0x00000006a6d00000, 0x00000006a6e00000|  0%| F|  |TAMS 0x00000006a6d00000, 0x00000006a6d00000| Untracked 
|  82|0x00000006a6e00000, 0x00000006a6e00000, 0x00000006a6f00000|  0%| F|  |TAMS 0x00000006a6e00000, 0x00000006a6e00000| Untracked 
|  83|0x00000006a6f00000, 0x00000006a6f00000, 0x00000006a7000000|  0%| F|  |TAMS 0x00000006a6f00000, 0x00000006a6f00000| Untracked 
|  84|0x00000006a7000000, 0x00000006a7000000, 0x00000006a7100000|  0%| F|  |TAMS 0x00000006a7000000, 0x00000006a7000000| Untracked 
|  85|0x00000006a7100000, 0x00000006a7100000, 0x00000006a7200000|  0%| F|  |TAMS 0x00000006a7100000, 0x00000006a7100000| Untracked 
|  86|0x00000006a7200000, 0x00000006a7200000, 0x00000006a7300000|  0%| F|  |TAMS 0x00000006a7200000, 0x00000006a7200000| Untracked 
|  87|0x00000006a7300000, 0x00000006a7300000, 0x00000006a7400000|  0%| F|  |TAMS 0x00000006a7300000, 0x00000006a7300000| Untracked 
|  88|0x00000006a7400000, 0x00000006a7400000, 0x00000006a7500000|  0%| F|  |TAMS 0x00000006a7400000, 0x00000006a7400000| Untracked 
|  89|0x00000006a7500000, 0x00000006a7500000, 0x00000006a7600000|  0%| F|  |TAMS 0x00000006a7500000, 0x00000006a7500000| Untracked 
|  90|0x00000006a7600000, 0x00000006a7600000, 0x00000006a7700000|  0%| F|  |TAMS 0x00000006a7600000, 0x00000006a7600000| Untracked 
|  91|0x00000006a7700000, 0x00000006a7700000, 0x00000006a7800000|  0%| F|  |TAMS 0x00000006a7700000, 0x00000006a7700000| Untracked 
|  92|0x00000006a7800000, 0x00000006a7800000, 0x00000006a7900000|  0%| F|  |TAMS 0x00000006a7800000, 0x00000006a7800000| Untracked 
|  93|0x00000006a7900000, 0x00000006a7900000, 0x00000006a7a00000|  0%| F|  |TAMS 0x00000006a7900000, 0x00000006a7900000| Untracked 
|  94|0x00000006a7a00000, 0x00000006a7a00000, 0x00000006a7b00000|  0%| F|  |TAMS 0x00000006a7a00000, 0x00000006a7a00000| Untracked 
|  95|0x00000006a7b00000, 0x00000006a7b00000, 0x00000006a7c00000|  0%| F|  |TAMS 0x00000006a7b00000, 0x00000006a7b00000| Untracked 
|  96|0x00000006a7c00000, 0x00000006a7c00000, 0x00000006a7d00000|  0%| F|  |TAMS 0x00000006a7c00000, 0x00000006a7c00000| Untracked 
|  97|0x00000006a7d00000, 0x00000006a7d00000, 0x00000006a7e00000|  0%| F|  |TAMS 0x00000006a7d00000, 0x00000006a7d00000| Untracked 
|  98|0x00000006a7e00000, 0x00000006a7e00000, 0x00000006a7f00000|  0%| F|  |TAMS 0x00000006a7e00000, 0x00000006a7e00000| Untracked 
|  99|0x00000006a7f00000, 0x00000006a7f00000, 0x00000006a8000000|  0%| F|  |TAMS 0x00000006a7f00000, 0x00000006a7f00000| Untracked 
| 100|0x00000006a8000000, 0x00000006a8000000, 0x00000006a8100000|  0%| F|  |TAMS 0x00000006a8000000, 0x00000006a8000000| Untracked 
| 101|0x00000006a8100000, 0x00000006a8100000, 0x00000006a8200000|  0%| F|  |TAMS 0x00000006a8100000, 0x00000006a8100000| Untracked 
| 102|0x00000006a8200000, 0x00000006a8200000, 0x00000006a8300000|  0%| F|  |TAMS 0x00000006a8200000, 0x00000006a8200000| Untracked 
| 103|0x00000006a8300000, 0x00000006a8300000, 0x00000006a8400000|  0%| F|  |TAMS 0x00000006a8300000, 0x00000006a8300000| Untracked 
| 104|0x00000006a8400000, 0x00000006a8400000, 0x00000006a8500000|  0%| F|  |TAMS 0x00000006a8400000, 0x00000006a8400000| Untracked 
| 105|0x00000006a8500000, 0x00000006a8500000, 0x00000006a8600000|  0%| F|  |TAMS 0x00000006a8500000, 0x00000006a8500000| Untracked 
| 106|0x00000006a8600000, 0x00000006a8600000, 0x00000006a8700000|  0%| F|  |TAMS 0x00000006a8600000, 0x00000006a8600000| Untracked 
| 107|0x00000006a8700000, 0x00000006a8700000, 0x00000006a8800000|  0%| F|  |TAMS 0x00000006a8700000, 0x00000006a8700000| Untracked 
| 108|0x00000006a8800000, 0x00000006a8800000, 0x00000006a8900000|  0%| F|  |TAMS 0x00000006a8800000, 0x00000006a8800000| Untracked 
| 109|0x00000006a8900000, 0x00000006a8900000, 0x00000006a8a00000|  0%| F|  |TAMS 0x00000006a8900000, 0x00000006a8900000| Untracked 
| 110|0x00000006a8a00000, 0x00000006a8a00000, 0x00000006a8b00000|  0%| F|  |TAMS 0x00000006a8a00000, 0x00000006a8a00000| Untracked 
| 111|0x00000006a8b00000, 0x00000006a8b00000, 0x00000006a8c00000|  0%| F|  |TAMS 0x00000006a8b00000, 0x00000006a8b00000| Untracked 
| 112|0x00000006a8c00000, 0x00000006a8c00000, 0x00000006a8d00000|  0%| F|  |TAMS 0x00000006a8c00000, 0x00000006a8c00000| Untracked 
| 113|0x00000006a8d00000, 0x00000006a8d00000, 0x00000006a8e00000|  0%| F|  |TAMS 0x00000006a8d00000, 0x00000006a8d00000| Untracked 
| 114|0x00000006a8e00000, 0x00000006a8e00000, 0x00000006a8f00000|  0%| F|  |TAMS 0x00000006a8e00000, 0x00000006a8e00000| Untracked 
| 115|0x00000006a8f00000, 0x00000006a8f00000, 0x00000006a9000000|  0%| F|  |TAMS 0x00000006a8f00000, 0x00000006a8f00000| Untracked 
| 116|0x00000006a9000000, 0x00000006a9000000, 0x00000006a9100000|  0%| F|  |TAMS 0x00000006a9000000, 0x00000006a9000000| Untracked 
| 117|0x00000006a9100000, 0x00000006a9100000, 0x00000006a9200000|  0%| F|  |TAMS 0x00000006a9100000, 0x00000006a9100000| Untracked 
| 118|0x00000006a9200000, 0x00000006a9200000, 0x00000006a9300000|  0%| F|  |TAMS 0x00000006a9200000, 0x00000006a9200000| Untracked 
| 119|0x00000006a9300000, 0x00000006a9300000, 0x00000006a9400000|  0%| F|  |TAMS 0x00000006a9300000, 0x00000006a9300000| Untracked 
| 120|0x00000006a9400000, 0x00000006a9400000, 0x00000006a9500000|  0%| F|  |TAMS 0x00000006a9400000, 0x00000006a9400000| Untracked 
| 121|0x00000006a9500000, 0x00000006a9500000, 0x00000006a9600000|  0%| F|  |TAMS 0x00000006a9500000, 0x00000006a9500000| Untracked 
| 122|0x00000006a9600000, 0x00000006a9600000, 0x00000006a9700000|  0%| F|  |TAMS 0x00000006a9600000, 0x00000006a9600000| Untracked 
| 123|0x00000006a9700000, 0x00000006a9700000, 0x00000006a9800000|  0%| F|  |TAMS 0x00000006a9700000, 0x00000006a9700000| Untracked 
| 124|0x00000006a9800000, 0x00000006a9800000, 0x00000006a9900000|  0%| F|  |TAMS 0x00000006a9800000, 0x00000006a9800000| Untracked 
| 125|0x00000006a9900000, 0x00000006a9900000, 0x00000006a9a00000|  0%| F|  |TAMS 0x00000006a9900000, 0x00000006a9900000| Untracked 
| 126|0x00000006a9a00000, 0x00000006a9a00000, 0x00000006a9b00000|  0%| F|  |TAMS 0x00000006a9a00000, 0x00000006a9a00000| Untracked 
| 127|0x00000006a9b00000, 0x00000006a9b00000, 0x00000006a9c00000|  0%| F|  |TAMS 0x00000006a9b00000, 0x00000006a9b00000| Untracked 
| 128|0x00000006a9c00000, 0x00000006a9c00000, 0x00000006a9d00000|  0%| F|  |TAMS 0x00000006a9c00000, 0x00000006a9c00000| Untracked 
| 129|0x00000006a9d00000, 0x00000006a9d00000, 0x00000006a9e00000|  0%| F|  |TAMS 0x00000006a9d00000, 0x00000006a9d00000| Untracked 
| 130|0x00000006a9e00000, 0x00000006a9e00000, 0x00000006a9f00000|  0%| F|  |TAMS 0x00000006a9e00000, 0x00000006a9e00000| Untracked 
| 131|0x00000006a9f00000, 0x00000006a9f00000, 0x00000006aa000000|  0%| F|  |TAMS 0x00000006a9f00000, 0x00000006a9f00000| Untracked 
| 132|0x00000006aa000000, 0x00000006aa000000, 0x00000006aa100000|  0%| F|  |TAMS 0x00000006aa000000, 0x00000006aa000000| Untracked 
| 133|0x00000006aa100000, 0x00000006aa100000, 0x00000006aa200000|  0%| F|  |TAMS 0x00000006aa100000, 0x00000006aa100000| Untracked 
| 134|0x00000006aa200000, 0x00000006aa200000, 0x00000006aa300000|  0%| F|  |TAMS 0x00000006aa200000, 0x00000006aa200000| Untracked 
| 135|0x00000006aa300000, 0x00000006aa300000, 0x00000006aa400000|  0%| F|  |TAMS 0x00000006aa300000, 0x00000006aa300000| Untracked 
| 136|0x00000006aa400000, 0x00000006aa400000, 0x00000006aa500000|  0%| F|  |TAMS 0x00000006aa400000, 0x00000006aa400000| Untracked 
| 137|0x00000006aa500000, 0x00000006aa500000, 0x00000006aa600000|  0%| F|  |TAMS 0x00000006aa500000, 0x00000006aa500000| Untracked 
| 138|0x00000006aa600000, 0x00000006aa600000, 0x00000006aa700000|  0%| F|  |TAMS 0x00000006aa600000, 0x00000006aa600000| Untracked 
| 139|0x00000006aa700000, 0x00000006aa700000, 0x00000006aa800000|  0%| F|  |TAMS 0x00000006aa700000, 0x00000006aa700000| Untracked 
| 140|0x00000006aa800000, 0x00000006aa800000, 0x00000006aa900000|  0%| F|  |TAMS 0x00000006aa800000, 0x00000006aa800000| Untracked 
| 141|0x00000006aa900000, 0x00000006aa900000, 0x00000006aaa00000|  0%| F|  |TAMS 0x00000006aa900000, 0x00000006aa900000| Untracked 
| 142|0x00000006aaa00000, 0x00000006aaa00000, 0x00000006aab00000|  0%| F|  |TAMS 0x00000006aaa00000, 0x00000006aaa00000| Untracked 
| 143|0x00000006aab00000, 0x00000006aab00000, 0x00000006aac00000|  0%| F|  |TAMS 0x00000006aab00000, 0x00000006aab00000| Untracked 
| 144|0x00000006aac00000, 0x00000006aac00000, 0x00000006aad00000|  0%| F|  |TAMS 0x00000006aac00000, 0x00000006aac00000| Untracked 
| 145|0x00000006aad00000, 0x00000006aad00000, 0x00000006aae00000|  0%| F|  |TAMS 0x00000006aad00000, 0x00000006aad00000| Untracked 
| 146|0x00000006aae00000, 0x00000006aae00000, 0x00000006aaf00000|  0%| F|  |TAMS 0x00000006aae00000, 0x00000006aae00000| Untracked 
| 147|0x00000006aaf00000, 0x00000006aaf00000, 0x00000006ab000000|  0%| F|  |TAMS 0x00000006aaf00000, 0x00000006aaf00000| Untracked 
| 148|0x00000006ab000000, 0x00000006ab000000, 0x00000006ab100000|  0%| F|  |TAMS 0x00000006ab000000, 0x00000006ab000000| Untracked 
| 149|0x00000006ab100000, 0x00000006ab100000, 0x00000006ab200000|  0%| F|  |TAMS 0x00000006ab100000, 0x00000006ab100000| Untracked 
| 150|0x00000006ab200000, 0x00000006ab200000, 0x00000006ab300000|  0%| F|  |TAMS 0x00000006ab200000, 0x00000006ab200000| Untracked 
| 151|0x00000006ab300000, 0x00000006ab300000, 0x00000006ab400000|  0%| F|  |TAMS 0x00000006ab300000, 0x00000006ab300000| Untracked 
| 152|0x00000006ab400000, 0x00000006ab400000, 0x00000006ab500000|  0%| F|  |TAMS 0x00000006ab400000, 0x00000006ab400000| Untracked 
| 153|0x00000006ab500000, 0x00000006ab500000, 0x00000006ab600000|  0%| F|  |TAMS 0x00000006ab500000, 0x00000006ab500000| Untracked 
| 154|0x00000006ab600000, 0x00000006ab600000, 0x00000006ab700000|  0%| F|  |TAMS 0x00000006ab600000, 0x00000006ab600000| Untracked 
| 155|0x00000006ab700000, 0x00000006ab700000, 0x00000006ab800000|  0%| F|  |TAMS 0x00000006ab700000, 0x00000006ab700000| Untracked 
| 156|0x00000006ab800000, 0x00000006ab800000, 0x00000006ab900000|  0%| F|  |TAMS 0x00000006ab800000, 0x00000006ab800000| Untracked 
| 157|0x00000006ab900000, 0x00000006ab900000, 0x00000006aba00000|  0%| F|  |TAMS 0x00000006ab900000, 0x00000006ab900000| Untracked 
| 158|0x00000006aba00000, 0x00000006aba00000, 0x00000006abb00000|  0%| F|  |TAMS 0x00000006aba00000, 0x00000006aba00000| Untracked 
| 159|0x00000006abb00000, 0x00000006abb00000, 0x00000006abc00000|  0%| F|  |TAMS 0x00000006abb00000, 0x00000006abb00000| Untracked 
| 160|0x00000006abc00000, 0x00000006abc00000, 0x00000006abd00000|  0%| F|  |TAMS 0x00000006abc00000, 0x00000006abc00000| Untracked 
| 161|0x00000006abd00000, 0x00000006abd00000, 0x00000006abe00000|  0%| F|  |TAMS 0x00000006abd00000, 0x00000006abd00000| Untracked 
| 162|0x00000006abe00000, 0x00000006abe00000, 0x00000006abf00000|  0%| F|  |TAMS 0x00000006abe00000, 0x00000006abe00000| Untracked 
| 163|0x00000006abf00000, 0x00000006abf00000, 0x00000006ac000000|  0%| F|  |TAMS 0x00000006abf00000, 0x00000006abf00000| Untracked 
| 164|0x00000006ac000000, 0x00000006ac000000, 0x00000006ac100000|  0%| F|  |TAMS 0x00000006ac000000, 0x00000006ac000000| Untracked 
| 165|0x00000006ac100000, 0x00000006ac100000, 0x00000006ac200000|  0%| F|  |TAMS 0x00000006ac100000, 0x00000006ac100000| Untracked 
| 166|0x00000006ac200000, 0x00000006ac200000, 0x00000006ac300000|  0%| F|  |TAMS 0x00000006ac200000, 0x00000006ac200000| Untracked 
| 167|0x00000006ac300000, 0x00000006ac300000, 0x00000006ac400000|  0%| F|  |TAMS 0x00000006ac300000, 0x00000006ac300000| Untracked 
| 168|0x00000006ac400000, 0x00000006ac400000, 0x00000006ac500000|  0%| F|  |TAMS 0x00000006ac400000, 0x00000006ac400000| Untracked 
| 169|0x00000006ac500000, 0x00000006ac500000, 0x00000006ac600000|  0%| F|  |TAMS 0x00000006ac500000, 0x00000006ac500000| Untracked 
| 170|0x00000006ac600000, 0x00000006ac600000, 0x00000006ac700000|  0%| F|  |TAMS 0x00000006ac600000, 0x00000006ac600000| Untracked 
| 171|0x00000006ac700000, 0x00000006ac700000, 0x00000006ac800000|  0%| F|  |TAMS 0x00000006ac700000, 0x00000006ac700000| Untracked 
| 172|0x00000006ac800000, 0x00000006ac800000, 0x00000006ac900000|  0%| F|  |TAMS 0x00000006ac800000, 0x00000006ac800000| Untracked 
| 173|0x00000006ac900000, 0x00000006ac900000, 0x00000006aca00000|  0%| F|  |TAMS 0x00000006ac900000, 0x00000006ac900000| Untracked 
| 174|0x00000006aca00000, 0x00000006aca00000, 0x00000006acb00000|  0%| F|  |TAMS 0x00000006aca00000, 0x00000006aca00000| Untracked 
| 175|0x00000006acb00000, 0x00000006acb00000, 0x00000006acc00000|  0%| F|  |TAMS 0x00000006acb00000, 0x00000006acb00000| Untracked 
| 176|0x00000006acc00000, 0x00000006acc00000, 0x00000006acd00000|  0%| F|  |TAMS 0x00000006acc00000, 0x00000006acc00000| Untracked 
| 177|0x00000006acd00000, 0x00000006acd00000, 0x00000006ace00000|  0%| F|  |TAMS 0x00000006acd00000, 0x00000006acd00000| Untracked 
| 178|0x00000006ace00000, 0x00000006ace00000, 0x00000006acf00000|  0%| F|  |TAMS 0x00000006ace00000, 0x00000006ace00000| Untracked 
| 179|0x00000006acf00000, 0x00000006acf00000, 0x00000006ad000000|  0%| F|  |TAMS 0x00000006acf00000, 0x00000006acf00000| Untracked 
| 180|0x00000006ad000000, 0x00000006ad000000, 0x00000006ad100000|  0%| F|  |TAMS 0x00000006ad000000, 0x00000006ad000000| Untracked 
| 181|0x00000006ad100000, 0x00000006ad100000, 0x00000006ad200000|  0%| F|  |TAMS 0x00000006ad100000, 0x00000006ad100000| Untracked 
| 182|0x00000006ad200000, 0x00000006ad200000, 0x00000006ad300000|  0%| F|  |TAMS 0x00000006ad200000, 0x00000006ad200000| Untracked 
| 183|0x00000006ad300000, 0x00000006ad300000, 0x00000006ad400000|  0%| F|  |TAMS 0x00000006ad300000, 0x00000006ad300000| Untracked 
| 184|0x00000006ad400000, 0x00000006ad400000, 0x00000006ad500000|  0%| F|  |TAMS 0x00000006ad400000, 0x00000006ad400000| Untracked 
| 185|0x00000006ad500000, 0x00000006ad500000, 0x00000006ad600000|  0%| F|  |TAMS 0x00000006ad500000, 0x00000006ad500000| Untracked 
| 186|0x00000006ad600000, 0x00000006ad600000, 0x00000006ad700000|  0%| F|  |TAMS 0x00000006ad600000, 0x00000006ad600000| Untracked 
| 187|0x00000006ad700000, 0x00000006ad700000, 0x00000006ad800000|  0%| F|  |TAMS 0x00000006ad700000, 0x00000006ad700000| Untracked 
| 188|0x00000006ad800000, 0x00000006ad800000, 0x00000006ad900000|  0%| F|  |TAMS 0x00000006ad800000, 0x00000006ad800000| Untracked 
| 189|0x00000006ad900000, 0x00000006ad900000, 0x00000006ada00000|  0%| F|  |TAMS 0x00000006ad900000, 0x00000006ad900000| Untracked 
| 190|0x00000006ada00000, 0x00000006ada00000, 0x00000006adb00000|  0%| F|  |TAMS 0x00000006ada00000, 0x00000006ada00000| Untracked 
| 191|0x00000006adb00000, 0x00000006adb00000, 0x00000006adc00000|  0%| F|  |TAMS 0x00000006adb00000, 0x00000006adb00000| Untracked 
| 192|0x00000006adc00000, 0x00000006adc00000, 0x00000006add00000|  0%| F|  |TAMS 0x00000006adc00000, 0x00000006adc00000| Untracked 
| 193|0x00000006add00000, 0x00000006add00000, 0x00000006ade00000|  0%| F|  |TAMS 0x00000006add00000, 0x00000006add00000| Untracked 
| 194|0x00000006ade00000, 0x00000006ade00000, 0x00000006adf00000|  0%| F|  |TAMS 0x00000006ade00000, 0x00000006ade00000| Untracked 
| 195|0x00000006adf00000, 0x00000006adf00000, 0x00000006ae000000|  0%| F|  |TAMS 0x00000006adf00000, 0x00000006adf00000| Untracked 
| 196|0x00000006ae000000, 0x00000006ae000000, 0x00000006ae100000|  0%| F|  |TAMS 0x00000006ae000000, 0x00000006ae000000| Untracked 
| 197|0x00000006ae100000, 0x00000006ae100000, 0x00000006ae200000|  0%| F|  |TAMS 0x00000006ae100000, 0x00000006ae100000| Untracked 
| 198|0x00000006ae200000, 0x00000006ae200000, 0x00000006ae300000|  0%| F|  |TAMS 0x00000006ae200000, 0x00000006ae200000| Untracked 
| 199|0x00000006ae300000, 0x00000006ae300000, 0x00000006ae400000|  0%| F|  |TAMS 0x00000006ae300000, 0x00000006ae300000| Untracked 
| 200|0x00000006ae400000, 0x00000006ae400000, 0x00000006ae500000|  0%| F|  |TAMS 0x00000006ae400000, 0x00000006ae400000| Untracked 
| 201|0x00000006ae500000, 0x00000006ae500000, 0x00000006ae600000|  0%| F|  |TAMS 0x00000006ae500000, 0x00000006ae500000| Untracked 
| 202|0x00000006ae600000, 0x00000006ae600000, 0x00000006ae700000|  0%| F|  |TAMS 0x00000006ae600000, 0x00000006ae600000| Untracked 
| 203|0x00000006ae700000, 0x00000006ae700000, 0x00000006ae800000|  0%| F|  |TAMS 0x00000006ae700000, 0x00000006ae700000| Untracked 
| 204|0x00000006ae800000, 0x00000006ae800000, 0x00000006ae900000|  0%| F|  |TAMS 0x00000006ae800000, 0x00000006ae800000| Untracked 
| 205|0x00000006ae900000, 0x00000006ae900000, 0x00000006aea00000|  0%| F|  |TAMS 0x00000006ae900000, 0x00000006ae900000| Untracked 
| 206|0x00000006aea00000, 0x00000006aea00000, 0x00000006aeb00000|  0%| F|  |TAMS 0x00000006aea00000, 0x00000006aea00000| Untracked 
| 207|0x00000006aeb00000, 0x00000006aeb00000, 0x00000006aec00000|  0%| F|  |TAMS 0x00000006aeb00000, 0x00000006aeb00000| Untracked 
| 208|0x00000006aec00000, 0x00000006aec00000, 0x00000006aed00000|  0%| F|  |TAMS 0x00000006aec00000, 0x00000006aec00000| Untracked 
| 209|0x00000006aed00000, 0x00000006aed00000, 0x00000006aee00000|  0%| F|  |TAMS 0x00000006aed00000, 0x00000006aed00000| Untracked 
| 210|0x00000006aee00000, 0x00000006aee00000, 0x00000006aef00000|  0%| F|  |TAMS 0x00000006aee00000, 0x00000006aee00000| Untracked 
| 211|0x00000006aef00000, 0x00000006aef00000, 0x00000006af000000|  0%| F|  |TAMS 0x00000006aef00000, 0x00000006aef00000| Untracked 
| 212|0x00000006af000000, 0x00000006af000000, 0x00000006af100000|  0%| F|  |TAMS 0x00000006af000000, 0x00000006af000000| Untracked 
| 213|0x00000006af100000, 0x00000006af100000, 0x00000006af200000|  0%| F|  |TAMS 0x00000006af100000, 0x00000006af100000| Untracked 
| 214|0x00000006af200000, 0x00000006af200000, 0x00000006af300000|  0%| F|  |TAMS 0x00000006af200000, 0x00000006af200000| Untracked 
| 215|0x00000006af300000, 0x00000006af300000, 0x00000006af400000|  0%| F|  |TAMS 0x00000006af300000, 0x00000006af300000| Untracked 
| 216|0x00000006af400000, 0x00000006af400000, 0x00000006af500000|  0%| F|  |TAMS 0x00000006af400000, 0x00000006af400000| Untracked 
| 217|0x00000006af500000, 0x00000006af500000, 0x00000006af600000|  0%| F|  |TAMS 0x00000006af500000, 0x00000006af500000| Untracked 
| 218|0x00000006af600000, 0x00000006af600000, 0x00000006af700000|  0%| F|  |TAMS 0x00000006af600000, 0x00000006af600000| Untracked 
| 219|0x00000006af700000, 0x00000006af700000, 0x00000006af800000|  0%| F|  |TAMS 0x00000006af700000, 0x00000006af700000| Untracked 
| 220|0x00000006af800000, 0x00000006af800000, 0x00000006af900000|  0%| F|  |TAMS 0x00000006af800000, 0x00000006af800000| Untracked 
| 221|0x00000006af900000, 0x00000006af900000, 0x00000006afa00000|  0%| F|  |TAMS 0x00000006af900000, 0x00000006af900000| Untracked 
| 222|0x00000006afa00000, 0x00000006afa00000, 0x00000006afb00000|  0%| F|  |TAMS 0x00000006afa00000, 0x00000006afa00000| Untracked 
| 223|0x00000006afb00000, 0x00000006afb00000, 0x00000006afc00000|  0%| F|  |TAMS 0x00000006afb00000, 0x00000006afb00000| Untracked 
| 224|0x00000006afc00000, 0x00000006afc00000, 0x00000006afd00000|  0%| F|  |TAMS 0x00000006afc00000, 0x00000006afc00000| Untracked 
| 225|0x00000006afd00000, 0x00000006afd00000, 0x00000006afe00000|  0%| F|  |TAMS 0x00000006afd00000, 0x00000006afd00000| Untracked 
| 226|0x00000006afe00000, 0x00000006afe00000, 0x00000006aff00000|  0%| F|  |TAMS 0x00000006afe00000, 0x00000006afe00000| Untracked 
| 227|0x00000006aff00000, 0x00000006aff00000, 0x00000006b0000000|  0%| F|  |TAMS 0x00000006aff00000, 0x00000006aff00000| Untracked 
| 228|0x00000006b0000000, 0x00000006b0000000, 0x00000006b0100000|  0%| F|  |TAMS 0x00000006b0000000, 0x00000006b0000000| Untracked 
| 229|0x00000006b0100000, 0x00000006b0100000, 0x00000006b0200000|  0%| F|  |TAMS 0x00000006b0100000, 0x00000006b0100000| Untracked 
| 230|0x00000006b0200000, 0x00000006b0200000, 0x00000006b0300000|  0%| F|  |TAMS 0x00000006b0200000, 0x00000006b0200000| Untracked 
| 231|0x00000006b0300000, 0x00000006b0300000, 0x00000006b0400000|  0%| F|  |TAMS 0x00000006b0300000, 0x00000006b0300000| Untracked 
| 232|0x00000006b0400000, 0x00000006b0400000, 0x00000006b0500000|  0%| F|  |TAMS 0x00000006b0400000, 0x00000006b0400000| Untracked 
| 233|0x00000006b0500000, 0x00000006b0500000, 0x00000006b0600000|  0%| F|  |TAMS 0x00000006b0500000, 0x00000006b0500000| Untracked 
| 234|0x00000006b0600000, 0x00000006b0600000, 0x00000006b0700000|  0%| F|  |TAMS 0x00000006b0600000, 0x00000006b0600000| Untracked 
| 235|0x00000006b0700000, 0x00000006b0700000, 0x00000006b0800000|  0%| F|  |TAMS 0x00000006b0700000, 0x00000006b0700000| Untracked 
| 236|0x00000006b0800000, 0x00000006b0800000, 0x00000006b0900000|  0%| F|  |TAMS 0x00000006b0800000, 0x00000006b0800000| Untracked 
| 237|0x00000006b0900000, 0x00000006b0900000, 0x00000006b0a00000|  0%| F|  |TAMS 0x00000006b0900000, 0x00000006b0900000| Untracked 
| 238|0x00000006b0a00000, 0x00000006b0a00000, 0x00000006b0b00000|  0%| F|  |TAMS 0x00000006b0a00000, 0x00000006b0a00000| Untracked 
| 239|0x00000006b0b00000, 0x00000006b0b00000, 0x00000006b0c00000|  0%| F|  |TAMS 0x00000006b0b00000, 0x00000006b0b00000| Untracked 
| 240|0x00000006b0c00000, 0x00000006b0c00000, 0x00000006b0d00000|  0%| F|  |TAMS 0x00000006b0c00000, 0x00000006b0c00000| Untracked 
| 241|0x00000006b0d00000, 0x00000006b0d00000, 0x00000006b0e00000|  0%| F|  |TAMS 0x00000006b0d00000, 0x00000006b0d00000| Untracked 
| 242|0x00000006b0e00000, 0x00000006b0e00000, 0x00000006b0f00000|  0%| F|  |TAMS 0x00000006b0e00000, 0x00000006b0e00000| Untracked 
| 243|0x00000006b0f00000, 0x00000006b0f00000, 0x00000006b1000000|  0%| F|  |TAMS 0x00000006b0f00000, 0x00000006b0f00000| Untracked 
| 244|0x00000006b1000000, 0x00000006b1000000, 0x00000006b1100000|  0%| F|  |TAMS 0x00000006b1000000, 0x00000006b1000000| Untracked 
| 245|0x00000006b1100000, 0x00000006b1100000, 0x00000006b1200000|  0%| F|  |TAMS 0x00000006b1100000, 0x00000006b1100000| Untracked 
| 246|0x00000006b1200000, 0x00000006b1200000, 0x00000006b1300000|  0%| F|  |TAMS 0x00000006b1200000, 0x00000006b1200000| Untracked 
| 247|0x00000006b1300000, 0x00000006b1300000, 0x00000006b1400000|  0%| F|  |TAMS 0x00000006b1300000, 0x00000006b1300000| Untracked 
| 248|0x00000006b1400000, 0x00000006b1400000, 0x00000006b1500000|  0%| F|  |TAMS 0x00000006b1400000, 0x00000006b1400000| Untracked 
| 249|0x00000006b1500000, 0x00000006b1500000, 0x00000006b1600000|  0%| F|  |TAMS 0x00000006b1500000, 0x00000006b1500000| Untracked 
| 250|0x00000006b1600000, 0x00000006b1600000, 0x00000006b1700000|  0%| F|  |TAMS 0x00000006b1600000, 0x00000006b1600000| Untracked 
| 251|0x00000006b1700000, 0x00000006b1700000, 0x00000006b1800000|  0%| F|  |TAMS 0x00000006b1700000, 0x00000006b1700000| Untracked 
| 252|0x00000006b1800000, 0x00000006b1800000, 0x00000006b1900000|  0%| F|  |TAMS 0x00000006b1800000, 0x00000006b1800000| Untracked 
| 253|0x00000006b1900000, 0x00000006b1900000, 0x00000006b1a00000|  0%| F|  |TAMS 0x00000006b1900000, 0x00000006b1900000| Untracked 
| 254|0x00000006b1a00000, 0x00000006b1a00000, 0x00000006b1b00000|  0%| F|  |TAMS 0x00000006b1a00000, 0x00000006b1a00000| Untracked 
| 255|0x00000006b1b00000, 0x00000006b1b00000, 0x00000006b1c00000|  0%| F|  |TAMS 0x00000006b1b00000, 0x00000006b1b00000| Untracked 
| 256|0x00000006b1c00000, 0x00000006b1c00000, 0x00000006b1d00000|  0%| F|  |TAMS 0x00000006b1c00000, 0x00000006b1c00000| Untracked 
| 257|0x00000006b1d00000, 0x00000006b1d00000, 0x00000006b1e00000|  0%| F|  |TAMS 0x00000006b1d00000, 0x00000006b1d00000| Untracked 
| 258|0x00000006b1e00000, 0x00000006b1e00000, 0x00000006b1f00000|  0%| F|  |TAMS 0x00000006b1e00000, 0x00000006b1e00000| Untracked 
| 259|0x00000006b1f00000, 0x00000006b1f00000, 0x00000006b2000000|  0%| F|  |TAMS 0x00000006b1f00000, 0x00000006b1f00000| Untracked 
| 260|0x00000006b2000000, 0x00000006b2000000, 0x00000006b2100000|  0%| F|  |TAMS 0x00000006b2000000, 0x00000006b2000000| Untracked 
| 261|0x00000006b2100000, 0x00000006b2100000, 0x00000006b2200000|  0%| F|  |TAMS 0x00000006b2100000, 0x00000006b2100000| Untracked 
| 262|0x00000006b2200000, 0x00000006b2200000, 0x00000006b2300000|  0%| F|  |TAMS 0x00000006b2200000, 0x00000006b2200000| Untracked 
| 263|0x00000006b2300000, 0x00000006b2300000, 0x00000006b2400000|  0%| F|  |TAMS 0x00000006b2300000, 0x00000006b2300000| Untracked 
| 264|0x00000006b2400000, 0x00000006b2400000, 0x00000006b2500000|  0%| F|  |TAMS 0x00000006b2400000, 0x00000006b2400000| Untracked 
| 265|0x00000006b2500000, 0x00000006b2500000, 0x00000006b2600000|  0%| F|  |TAMS 0x00000006b2500000, 0x00000006b2500000| Untracked 
| 266|0x00000006b2600000, 0x00000006b2600000, 0x00000006b2700000|  0%| F|  |TAMS 0x00000006b2600000, 0x00000006b2600000| Untracked 
| 267|0x00000006b2700000, 0x00000006b2700000, 0x00000006b2800000|  0%| F|  |TAMS 0x00000006b2700000, 0x00000006b2700000| Untracked 
| 268|0x00000006b2800000, 0x00000006b2800000, 0x00000006b2900000|  0%| F|  |TAMS 0x00000006b2800000, 0x00000006b2800000| Untracked 
| 269|0x00000006b2900000, 0x00000006b2900000, 0x00000006b2a00000|  0%| F|  |TAMS 0x00000006b2900000, 0x00000006b2900000| Untracked 
| 270|0x00000006b2a00000, 0x00000006b2a00000, 0x00000006b2b00000|  0%| F|  |TAMS 0x00000006b2a00000, 0x00000006b2a00000| Untracked 
| 271|0x00000006b2b00000, 0x00000006b2b00000, 0x00000006b2c00000|  0%| F|  |TAMS 0x00000006b2b00000, 0x00000006b2b00000| Untracked 
| 272|0x00000006b2c00000, 0x00000006b2c00000, 0x00000006b2d00000|  0%| F|  |TAMS 0x00000006b2c00000, 0x00000006b2c00000| Untracked 
| 273|0x00000006b2d00000, 0x00000006b2d00000, 0x00000006b2e00000|  0%| F|  |TAMS 0x00000006b2d00000, 0x00000006b2d00000| Untracked 
| 274|0x00000006b2e00000, 0x00000006b2e00000, 0x00000006b2f00000|  0%| F|  |TAMS 0x00000006b2e00000, 0x00000006b2e00000| Untracked 
| 275|0x00000006b2f00000, 0x00000006b2f00000, 0x00000006b3000000|  0%| F|  |TAMS 0x00000006b2f00000, 0x00000006b2f00000| Untracked 
| 276|0x00000006b3000000, 0x00000006b3000000, 0x00000006b3100000|  0%| F|  |TAMS 0x00000006b3000000, 0x00000006b3000000| Untracked 
| 277|0x00000006b3100000, 0x00000006b3100000, 0x00000006b3200000|  0%| F|  |TAMS 0x00000006b3100000, 0x00000006b3100000| Untracked 
| 278|0x00000006b3200000, 0x00000006b3200000, 0x00000006b3300000|  0%| F|  |TAMS 0x00000006b3200000, 0x00000006b3200000| Untracked 
| 279|0x00000006b3300000, 0x00000006b3300000, 0x00000006b3400000|  0%| F|  |TAMS 0x00000006b3300000, 0x00000006b3300000| Untracked 
| 280|0x00000006b3400000, 0x00000006b3400000, 0x00000006b3500000|  0%| F|  |TAMS 0x00000006b3400000, 0x00000006b3400000| Untracked 
| 281|0x00000006b3500000, 0x00000006b3500000, 0x00000006b3600000|  0%| F|  |TAMS 0x00000006b3500000, 0x00000006b3500000| Untracked 
| 282|0x00000006b3600000, 0x00000006b3600000, 0x00000006b3700000|  0%| F|  |TAMS 0x00000006b3600000, 0x00000006b3600000| Untracked 
| 283|0x00000006b3700000, 0x00000006b3700000, 0x00000006b3800000|  0%| F|  |TAMS 0x00000006b3700000, 0x00000006b3700000| Untracked 
| 284|0x00000006b3800000, 0x00000006b3800000, 0x00000006b3900000|  0%| F|  |TAMS 0x00000006b3800000, 0x00000006b3800000| Untracked 
| 285|0x00000006b3900000, 0x00000006b3900000, 0x00000006b3a00000|  0%| F|  |TAMS 0x00000006b3900000, 0x00000006b3900000| Untracked 
| 286|0x00000006b3a00000, 0x00000006b3a00000, 0x00000006b3b00000|  0%| F|  |TAMS 0x00000006b3a00000, 0x00000006b3a00000| Untracked 
| 287|0x00000006b3b00000, 0x00000006b3b00000, 0x00000006b3c00000|  0%| F|  |TAMS 0x00000006b3b00000, 0x00000006b3b00000| Untracked 
| 288|0x00000006b3c00000, 0x00000006b3c00000, 0x00000006b3d00000|  0%| F|  |TAMS 0x00000006b3c00000, 0x00000006b3c00000| Untracked 
| 289|0x00000006b3d00000, 0x00000006b3d00000, 0x00000006b3e00000|  0%| F|  |TAMS 0x00000006b3d00000, 0x00000006b3d00000| Untracked 
| 290|0x00000006b3e00000, 0x00000006b3e00000, 0x00000006b3f00000|  0%| F|  |TAMS 0x00000006b3e00000, 0x00000006b3e00000| Untracked 
| 291|0x00000006b3f00000, 0x00000006b3f00000, 0x00000006b4000000|  0%| F|  |TAMS 0x00000006b3f00000, 0x00000006b3f00000| Untracked 
| 292|0x00000006b4000000, 0x00000006b4000000, 0x00000006b4100000|  0%| F|  |TAMS 0x00000006b4000000, 0x00000006b4000000| Untracked 
| 293|0x00000006b4100000, 0x00000006b4100000, 0x00000006b4200000|  0%| F|  |TAMS 0x00000006b4100000, 0x00000006b4100000| Untracked 
| 294|0x00000006b4200000, 0x00000006b4200000, 0x00000006b4300000|  0%| F|  |TAMS 0x00000006b4200000, 0x00000006b4200000| Untracked 
| 295|0x00000006b4300000, 0x00000006b4300000, 0x00000006b4400000|  0%| F|  |TAMS 0x00000006b4300000, 0x00000006b4300000| Untracked 
| 296|0x00000006b4400000, 0x00000006b4400000, 0x00000006b4500000|  0%| F|  |TAMS 0x00000006b4400000, 0x00000006b4400000| Untracked 
| 297|0x00000006b4500000, 0x00000006b4500000, 0x00000006b4600000|  0%| F|  |TAMS 0x00000006b4500000, 0x00000006b4500000| Untracked 
| 298|0x00000006b4600000, 0x00000006b4600000, 0x00000006b4700000|  0%| F|  |TAMS 0x00000006b4600000, 0x00000006b4600000| Untracked 
| 299|0x00000006b4700000, 0x00000006b4700000, 0x00000006b4800000|  0%| F|  |TAMS 0x00000006b4700000, 0x00000006b4700000| Untracked 
| 300|0x00000006b4800000, 0x00000006b4800000, 0x00000006b4900000|  0%| F|  |TAMS 0x00000006b4800000, 0x00000006b4800000| Untracked 
| 301|0x00000006b4900000, 0x00000006b4900000, 0x00000006b4a00000|  0%| F|  |TAMS 0x00000006b4900000, 0x00000006b4900000| Untracked 
| 302|0x00000006b4a00000, 0x00000006b4a00000, 0x00000006b4b00000|  0%| F|  |TAMS 0x00000006b4a00000, 0x00000006b4a00000| Untracked 
| 303|0x00000006b4b00000, 0x00000006b4b00000, 0x00000006b4c00000|  0%| F|  |TAMS 0x00000006b4b00000, 0x00000006b4b00000| Untracked 
| 304|0x00000006b4c00000, 0x00000006b4c00000, 0x00000006b4d00000|  0%| F|  |TAMS 0x00000006b4c00000, 0x00000006b4c00000| Untracked 
| 305|0x00000006b4d00000, 0x00000006b4d00000, 0x00000006b4e00000|  0%| F|  |TAMS 0x00000006b4d00000, 0x00000006b4d00000| Untracked 
| 306|0x00000006b4e00000, 0x00000006b4e00000, 0x00000006b4f00000|  0%| F|  |TAMS 0x00000006b4e00000, 0x00000006b4e00000| Untracked 
| 307|0x00000006b4f00000, 0x00000006b4f00000, 0x00000006b5000000|  0%| F|  |TAMS 0x00000006b4f00000, 0x00000006b4f00000| Untracked 
| 308|0x00000006b5000000, 0x00000006b5000000, 0x00000006b5100000|  0%| F|  |TAMS 0x00000006b5000000, 0x00000006b5000000| Untracked 
| 309|0x00000006b5100000, 0x00000006b5100000, 0x00000006b5200000|  0%| F|  |TAMS 0x00000006b5100000, 0x00000006b5100000| Untracked 
| 310|0x00000006b5200000, 0x00000006b5200000, 0x00000006b5300000|  0%| F|  |TAMS 0x00000006b5200000, 0x00000006b5200000| Untracked 
| 311|0x00000006b5300000, 0x00000006b5300000, 0x00000006b5400000|  0%| F|  |TAMS 0x00000006b5300000, 0x00000006b5300000| Untracked 
| 312|0x00000006b5400000, 0x00000006b5400000, 0x00000006b5500000|  0%| F|  |TAMS 0x00000006b5400000, 0x00000006b5400000| Untracked 
| 313|0x00000006b5500000, 0x00000006b5500000, 0x00000006b5600000|  0%| F|  |TAMS 0x00000006b5500000, 0x00000006b5500000| Untracked 
| 314|0x00000006b5600000, 0x00000006b5600000, 0x00000006b5700000|  0%| F|  |TAMS 0x00000006b5600000, 0x00000006b5600000| Untracked 
| 315|0x00000006b5700000, 0x00000006b5700000, 0x00000006b5800000|  0%| F|  |TAMS 0x00000006b5700000, 0x00000006b5700000| Untracked 
| 316|0x00000006b5800000, 0x00000006b5800000, 0x00000006b5900000|  0%| F|  |TAMS 0x00000006b5800000, 0x00000006b5800000| Untracked 
| 317|0x00000006b5900000, 0x00000006b5900000, 0x00000006b5a00000|  0%| F|  |TAMS 0x00000006b5900000, 0x00000006b5900000| Untracked 
| 318|0x00000006b5a00000, 0x00000006b5a00000, 0x00000006b5b00000|  0%| F|  |TAMS 0x00000006b5a00000, 0x00000006b5a00000| Untracked 
| 319|0x00000006b5b00000, 0x00000006b5b00000, 0x00000006b5c00000|  0%| F|  |TAMS 0x00000006b5b00000, 0x00000006b5b00000| Untracked 
| 320|0x00000006b5c00000, 0x00000006b5c00000, 0x00000006b5d00000|  0%| F|  |TAMS 0x00000006b5c00000, 0x00000006b5c00000| Untracked 
| 321|0x00000006b5d00000, 0x00000006b5d00000, 0x00000006b5e00000|  0%| F|  |TAMS 0x00000006b5d00000, 0x00000006b5d00000| Untracked 
| 322|0x00000006b5e00000, 0x00000006b5e00000, 0x00000006b5f00000|  0%| F|  |TAMS 0x00000006b5e00000, 0x00000006b5e00000| Untracked 
| 323|0x00000006b5f00000, 0x00000006b5f00000, 0x00000006b6000000|  0%| F|  |TAMS 0x00000006b5f00000, 0x00000006b5f00000| Untracked 
| 324|0x00000006b6000000, 0x00000006b6000000, 0x00000006b6100000|  0%| F|  |TAMS 0x00000006b6000000, 0x00000006b6000000| Untracked 
| 325|0x00000006b6100000, 0x00000006b6100000, 0x00000006b6200000|  0%| F|  |TAMS 0x00000006b6100000, 0x00000006b6100000| Untracked 
| 326|0x00000006b6200000, 0x00000006b6200000, 0x00000006b6300000|  0%| F|  |TAMS 0x00000006b6200000, 0x00000006b6200000| Untracked 
| 327|0x00000006b6300000, 0x00000006b6300000, 0x00000006b6400000|  0%| F|  |TAMS 0x00000006b6300000, 0x00000006b6300000| Untracked 
| 328|0x00000006b6400000, 0x00000006b6400000, 0x00000006b6500000|  0%| F|  |TAMS 0x00000006b6400000, 0x00000006b6400000| Untracked 
| 329|0x00000006b6500000, 0x00000006b6500000, 0x00000006b6600000|  0%| F|  |TAMS 0x00000006b6500000, 0x00000006b6500000| Untracked 
| 330|0x00000006b6600000, 0x00000006b6600000, 0x00000006b6700000|  0%| F|  |TAMS 0x00000006b6600000, 0x00000006b6600000| Untracked 
| 331|0x00000006b6700000, 0x00000006b6700000, 0x00000006b6800000|  0%| F|  |TAMS 0x00000006b6700000, 0x00000006b6700000| Untracked 
| 332|0x00000006b6800000, 0x00000006b6800000, 0x00000006b6900000|  0%| F|  |TAMS 0x00000006b6800000, 0x00000006b6800000| Untracked 
| 333|0x00000006b6900000, 0x00000006b6900000, 0x00000006b6a00000|  0%| F|  |TAMS 0x00000006b6900000, 0x00000006b6900000| Untracked 
| 334|0x00000006b6a00000, 0x00000006b6a00000, 0x00000006b6b00000|  0%| F|  |TAMS 0x00000006b6a00000, 0x00000006b6a00000| Untracked 
| 335|0x00000006b6b00000, 0x00000006b6b00000, 0x00000006b6c00000|  0%| F|  |TAMS 0x00000006b6b00000, 0x00000006b6b00000| Untracked 
| 336|0x00000006b6c00000, 0x00000006b6c00000, 0x00000006b6d00000|  0%| F|  |TAMS 0x00000006b6c00000, 0x00000006b6c00000| Untracked 
| 337|0x00000006b6d00000, 0x00000006b6d00000, 0x00000006b6e00000|  0%| F|  |TAMS 0x00000006b6d00000, 0x00000006b6d00000| Untracked 
| 338|0x00000006b6e00000, 0x00000006b6e00000, 0x00000006b6f00000|  0%| F|  |TAMS 0x00000006b6e00000, 0x00000006b6e00000| Untracked 
| 339|0x00000006b6f00000, 0x00000006b6f00000, 0x00000006b7000000|  0%| F|  |TAMS 0x00000006b6f00000, 0x00000006b6f00000| Untracked 
| 340|0x00000006b7000000, 0x00000006b7000000, 0x00000006b7100000|  0%| F|  |TAMS 0x00000006b7000000, 0x00000006b7000000| Untracked 
| 341|0x00000006b7100000, 0x00000006b7100000, 0x00000006b7200000|  0%| F|  |TAMS 0x00000006b7100000, 0x00000006b7100000| Untracked 
| 342|0x00000006b7200000, 0x00000006b7200000, 0x00000006b7300000|  0%| F|  |TAMS 0x00000006b7200000, 0x00000006b7200000| Untracked 
| 343|0x00000006b7300000, 0x00000006b7300000, 0x00000006b7400000|  0%| F|  |TAMS 0x00000006b7300000, 0x00000006b7300000| Untracked 
| 344|0x00000006b7400000, 0x00000006b7400000, 0x00000006b7500000|  0%| F|  |TAMS 0x00000006b7400000, 0x00000006b7400000| Untracked 
| 345|0x00000006b7500000, 0x00000006b7576440, 0x00000006b7600000| 46%| E|  |TAMS 0x00000006b7500000, 0x00000006b7500000| Complete 
| 346|0x00000006b7600000, 0x00000006b7700000, 0x00000006b7700000|100%| E|CS|TAMS 0x00000006b7600000, 0x00000006b7600000| Complete 
| 347|0x00000006b7700000, 0x00000006b7800000, 0x00000006b7800000|100%| E|CS|TAMS 0x00000006b7700000, 0x00000006b7700000| Complete 
| 348|0x00000006b7800000, 0x00000006b7900000, 0x00000006b7900000|100%| E|CS|TAMS 0x00000006b7800000, 0x00000006b7800000| Complete 
| 349|0x00000006b7900000, 0x00000006b7a00000, 0x00000006b7a00000|100%| E|CS|TAMS 0x00000006b7900000, 0x00000006b7900000| Complete 
| 350|0x00000006b7a00000, 0x00000006b7b00000, 0x00000006b7b00000|100%| E|CS|TAMS 0x00000006b7a00000, 0x00000006b7a00000| Complete 
| 351|0x00000006b7b00000, 0x00000006b7c00000, 0x00000006b7c00000|100%| E|CS|TAMS 0x00000006b7b00000, 0x00000006b7b00000| Complete 

Card table byte_map: [0x0000024f24e20000,0x0000024f25920000] _byte_map_base: 0x0000024f21912000

Marking Bits (Prev, Next): (CMBitMap*) 0x0000024f0c8bdc48, (CMBitMap*) 0x0000024f0c8bdc88
 Prev Bits: [0x0000024f26420000, 0x0000024f2bbb0000)
 Next Bits: [0x0000024f2bbb0000, 0x0000024f31340000)

Polling page: 0x0000024f0c020000

Metaspace:

Usage:
  Non-class:      5.42 MB capacity,     5.33 MB ( 98%) used,    68.30 KB (  1%) free+waste,    18.13 KB ( <1%) overhead. 
      Class:    807.00 KB capacity,   690.45 KB ( 86%) used,   103.92 KB ( 13%) free+waste,    12.63 KB (  2%) overhead. 
       Both:      6.20 MB capacity,     6.01 MB ( 97%) used,   172.22 KB (  3%) free+waste,    30.75 KB ( <1%) overhead. 

Virtual space:
  Non-class space:        8.00 MB reserved,       5.50 MB ( 69%) committed 
      Class space:        1.00 GB reserved,     896.00 KB ( <1%) committed 
             Both:        1.01 GB reserved,       6.38 MB ( <1%) committed 

Chunk freelists:
   Non-Class:  22.00 KB
       Class:  0 bytes
        Both:  22.00 KB

MaxMetaspaceSize: 17179869184.00 GB
CompressedClassSpaceSize: 1.00 GB

CodeHeap 'non-profiled nmethods': size=120000Kb used=176Kb max_used=176Kb free=119824Kb
 bounds [0x0000024f1cac0000, 0x0000024f1cd30000, 0x0000024f23ff0000]
CodeHeap 'profiled nmethods': size=120000Kb used=975Kb max_used=975Kb free=119024Kb
 bounds [0x0000024f15590000, 0x0000024f15800000, 0x0000024f1cac0000]
CodeHeap 'non-nmethods': size=5760Kb used=1244Kb max_used=1258Kb free=4515Kb
 bounds [0x0000024f14ff0000, 0x0000024f15260000, 0x0000024f15590000]
 total_blobs=1499 nmethods=612 adapters=436
 compilation: enabled
              stopped_count=0, restarted_count=0
 full_count=0

Compilation events (20 events):
Event: 1.421 Thread 0x0000024f34852800 nmethod 600 0x0000024f1567cc90 code [0x0000024f1567ce60, 0x0000024f1567d358]
Event: 1.423 Thread 0x0000024f34852800  601       3       java.nio.Buffer::position (55 bytes)
Event: 1.423 Thread 0x0000024f34852800 nmethod 601 0x0000024f1567d490 code [0x0000024f1567d640, 0x0000024f1567d8c8]
Event: 1.424 Thread 0x0000024f34852800  602       1       java.util.ArrayList::size (5 bytes)
Event: 1.424 Thread 0x0000024f34852800 nmethod 602 0x0000024f1caeb710 code [0x0000024f1caeb8a0, 0x0000024f1caeb978]
Event: 1.424 Thread 0x0000024f34852800  603       3       java.util.AbstractList::<init> (10 bytes)
Event: 1.424 Thread 0x0000024f34852800 nmethod 603 0x0000024f1567d990 code [0x0000024f1567db40, 0x0000024f1567dd18]
Event: 1.424 Thread 0x0000024f34852800  604       3       java.lang.reflect.Modifier::isPrivate (12 bytes)
Event: 1.424 Thread 0x0000024f34852800 nmethod 604 0x0000024f1567de10 code [0x0000024f1567dfa0, 0x0000024f1567e0d8]
Event: 1.424 Thread 0x0000024f34852800  605       3       java.lang.invoke.InvokerBytecodeGenerator::emitStoreResult (27 bytes)
Event: 1.424 Thread 0x0000024f34852800 nmethod 605 0x0000024f1567e190 code [0x0000024f1567e360, 0x0000024f1567e6d8]
Event: 1.424 Thread 0x0000024f34852800  606       3       java.lang.invoke.LambdaForm$NamedFunction::member (26 bytes)
Event: 1.425 Thread 0x0000024f34852800 nmethod 606 0x0000024f1567e890 code [0x0000024f1567ea20, 0x0000024f1567eb58]
Event: 1.425 Thread 0x0000024f34852800  608       3       java.lang.invoke.LambdaForm::useCount (90 bytes)
Event: 1.425 Thread 0x0000024f34852800 nmethod 608 0x0000024f1567ec10 code [0x0000024f1567ede0, 0x0000024f1567f1b8]
Event: 1.425 Thread 0x0000024f34852800  607       3       java.lang.invoke.InvokerBytecodeGenerator::emitReferenceCast (192 bytes)
Event: 1.425 Thread 0x0000024f34852800 nmethod 607 0x0000024f1567f390 code [0x0000024f1567f660, 0x0000024f15680608]
Event: 1.425 Thread 0x0000024f34852800  609       3       java.lang.invoke.LambdaForm$Name::internArguments (59 bytes)
Event: 1.426 Thread 0x0000024f34852800 nmethod 609 0x0000024f15680a90 code [0x0000024f15680c80, 0x0000024f156813c8]
Event: 1.426 Thread 0x0000024f34852800  610   !   3       java.lang.invoke.MemberName::getFieldType (177 bytes)

GC Heap History (0 events):
No events

Deoptimization events (8 events):
Event: 1.349 Thread 0x0000024f0c839800 Uncommon trap: trap_request=0xffffff45 fr.pc=0x0000024f1cae2684 relative=0x00000000000000e4
Event: 1.349 Thread 0x0000024f0c839800 Uncommon trap: reason=unstable_if action=reinterpret pc=0x0000024f1cae2684 method=java.util.HashMap.hash(Ljava/lang/Object;)I @ 1 c2
Event: 1.349 Thread 0x0000024f0c839800 DEOPT PACKING pc=0x0000024f1cae2684 sp=0x000000f79f3fe980
Event: 1.349 Thread 0x0000024f0c839800 DEOPT UNPACKING pc=0x0000024f1503912f sp=0x000000f79f3fe8c0 mode 2
Event: 1.359 Thread 0x0000024f34d7f800 Uncommon trap: trap_request=0xffffff45 fr.pc=0x0000024f1cacd27c relative=0x000000000000091c
Event: 1.359 Thread 0x0000024f34d7f800 Uncommon trap: reason=unstable_if action=reinterpret pc=0x0000024f1cacd27c method=java.util.HashMap.putVal(ILjava/lang/Object;Ljava/lang/Object;ZZ)Ljava/lang/Object; @ 181 c2
Event: 1.359 Thread 0x0000024f34d7f800 DEOPT PACKING pc=0x0000024f1cacd27c sp=0x000000f7a08fe2a0
Event: 1.359 Thread 0x0000024f34d7f800 DEOPT UNPACKING pc=0x0000024f1503912f sp=0x000000f7a08fe230 mode 2

Classes unloaded (0 events):
No events

Classes redefined (0 events):
No events

Internal exceptions (15 events):
Event: 0.460 Thread 0x0000024f0c839800 Exception <a 'java/lang/ClassNotFoundException'{0x00000006b7aa7fe0}: sun/awt/resources/spi/awtProvider> (0x00000006b7aa7fe0) 
thrown [./open/src/hotspot/share/classfile/systemDictionary.cpp, line 226]
Event: 0.502 Thread 0x0000024f0c839800 Exception <a 'java/io/FileNotFoundException'{0x00000006b7982458}> (0x00000006b7982458) 
thrown [./open/src/hotspot/share/prims/jni.cpp, line 599]
Event: 0.523 Thread 0x0000024f0c839800 Exception <a 'java/io/FileNotFoundException'{0x00000006b79a8a30}> (0x00000006b79a8a30) 
thrown [./open/src/hotspot/share/prims/jni.cpp, line 599]
Event: 0.627 Thread 0x0000024f34d7f800 Exception <a 'java/lang/NoSuchMethodError'{0x00000006b7805030}: 'void java.lang.invoke.DirectMethodHandle$Holder.invokeSpecial(java.lang.Object, java.lang.Object)'> (0x00000006b7805030) 
thrown [./open/src/hotspot/share/interpreter/linkResolver.cpp, line 766]
Event: 1.296 Thread 0x0000024f0c839800 Exception <a 'java/lang/NoSuchMethodError'{0x00000006b77d7ed8}: 'java.lang.Object java.lang.invoke.DirectMethodHandle$Holder.invokeStatic(java.lang.Object, int, java.lang.Object, java.lang.Object, java.lang.Object, java.lang.Object)'> (0x00000006b77d7ed8) 
thrown [./open/src/hotspot/share/interpreter/linkResolver.cpp, line 766]
Event: 1.297 Thread 0x0000024f0c839800 Exception <a 'java/lang/NoSuchMethodError'{0x00000006b77de7f8}: 'java.lang.Object java.lang.invoke.DirectMethodHandle$Holder.invokeStatic(java.lang.Object, int, java.lang.Object, java.lang.Object, java.lang.Object)'> (0x00000006b77de7f8) 
thrown [./open/src/hotspot/share/interpreter/linkResolver.cpp, line 766]
Event: 1.297 Thread 0x0000024f0c839800 Exception <a 'java/lang/NoSuchMethodError'{0x00000006b77e2048}: 'java.lang.Object java.lang.invoke.DirectMethodHandle$Holder.invokeSpecial(java.lang.Object, java.lang.Object, int, java.lang.Object, java.lang.Object, java.lang.Object)'> (0x00000006b77e2048) 
thrown [./open/src/hotspot/share/interpreter/linkResolver.cpp, line 766]
Event: 1.301 Thread 0x0000024f0c839800 Exception <a 'java/lang/NoSuchMethodError'{0x00000006b77f86e8}: 'java.lang.Object java.lang.invoke.DirectMethodHandle$Holder.invokeStatic(java.lang.Object, int, java.lang.Object)'> (0x00000006b77f86e8) 
thrown [./open/src/hotspot/share/interpreter/linkResolver.cpp, line 766]
Event: 1.336 Thread 0x0000024f0c839800 Exception <a 'java/lang/ClassNotFoundException'{0x00000006b769c7d0}: com/sun/swing/internal/plaf/metal/resources/spi/metalProvider> (0x00000006b769c7d0) 
thrown [./open/src/hotspot/share/classfile/systemDictionary.cpp, line 226]
Event: 1.338 Thread 0x0000024f0c839800 Exception <a 'java/lang/ClassNotFoundException'{0x00000006b76a11e0}: com/sun/swing/internal/plaf/basic/resources/spi/basicProvider> (0x00000006b76a11e0) 
thrown [./open/src/hotspot/share/classfile/systemDictionary.cpp, line 226]
Event: 1.349 Thread 0x0000024f0c839800 Implicit null exception at 0x0000024f1cae25e8 to 0x0000024f1cae267a
Event: 1.392 Thread 0x0000024f0c839800 Exception <a 'java/lang/NoSuchMethodError'{0x00000006b76e1c18}: 'void java.lang.invoke.DirectMethodHandle$Holder.invokeStaticInit(java.lang.Object)'> (0x00000006b76e1c18) 
thrown [./open/src/hotspot/share/interpreter/linkResolver.cpp, line 766]
Event: 1.404 Thread 0x0000024f0c839800 Exception <a 'java/io/FileNotFoundException'{0x00000006b7502528}> (0x00000006b7502528) 
thrown [./open/src/hotspot/share/prims/jni.cpp, line 599]
Event: 1.404 Thread 0x0000024f0c839800 Exception <a 'java/lang/NullPointerException'{0x00000006b7502e18}> (0x00000006b7502e18) 
thrown [./open/src/hotspot/share/interpreter/linkResolver.cpp, line 1348]
Event: 1.426 Thread 0x0000024f0c839800 Exception <a 'java/lang/NoSuchMethodError'{0x00000006b7551f90}: 'java.lang.Object java.lang.invoke.Invokers$Holder.linkToTargetMethod(java.lang.Object, int, java.lang.Object)'> (0x00000006b7551f90) 
thrown [./open/src/hotspot/share/interpreter/linkResolver.cpp, line 766]

Events (20 events):
Event: 1.420 loading class sun/awt/Win32FontManager$2
Event: 1.420 loading class sun/awt/Win32FontManager$2 done
Event: 1.421 loading class sun/awt/FontConfiguration$2
Event: 1.421 loading class sun/awt/FontConfiguration$2 done
Event: 1.421 loading class sun/awt/windows/WDefaultFontCharset
Event: 1.421 loading class sun/awt/AWTCharset
Event: 1.421 loading class sun/awt/AWTCharset done
Event: 1.421 loading class sun/awt/windows/WDefaultFontCharset done
Event: 1.422 loading class sun/awt/windows/WDefaultFontCharset$Encoder
Event: 1.422 loading class sun/awt/AWTCharset$Encoder
Event: 1.422 loading class sun/awt/AWTCharset$Encoder done
Event: 1.422 loading class sun/awt/windows/WDefaultFontCharset$Encoder done
Event: 1.423 loading class sun/awt/windows/WingDings
Event: 1.423 loading class sun/awt/windows/WingDings done
Event: 1.423 loading class sun/awt/windows/WingDings$Encoder
Event: 1.423 loading class sun/awt/windows/WingDings$Encoder done
Event: 1.423 loading class sun/awt/Symbol
Event: 1.423 loading class sun/awt/Symbol done
Event: 1.423 loading class sun/awt/Symbol$Encoder
Event: 1.423 loading class sun/awt/Symbol$Encoder done


Dynamic libraries:
0x00007ff650530000 - 0x00007ff65053f000 	C:\Program Files\Java\jdk-14.0.1\bin\java.exe
0x00007ffec5150000 - 0x00007ffec5346000 	C:\WINDOWS\SYSTEM32\ntdll.dll
0x00007ffec4340000 - 0x00007ffec43fd000 	C:\WINDOWS\System32\KERNEL32.DLL
0x00007ffec2890000 - 0x00007ffec2b59000 	C:\WINDOWS\System32\KERNELBASE.dll
0x00007ffec3060000 - 0x00007ffec3160000 	C:\WINDOWS\System32\ucrtbase.dll
0x00007ffea3250000 - 0x00007ffea3268000 	C:\Program Files\Java\jdk-14.0.1\bin\jli.dll
0x00007ffec4110000 - 0x00007ffec41bc000 	C:\WINDOWS\System32\ADVAPI32.dll
0x00007ffec3710000 - 0x00007ffec37ae000 	C:\WINDOWS\System32\msvcrt.dll
0x00007ffec4410000 - 0x00007ffec44ac000 	C:\WINDOWS\System32\sechost.dll
0x00007ffec4e20000 - 0x00007ffec4f4b000 	C:\WINDOWS\System32\RPCRT4.dll
0x00007ffec3e80000 - 0x00007ffec4020000 	C:\WINDOWS\System32\USER32.dll
0x00007ffec2d40000 - 0x00007ffec2d62000 	C:\WINDOWS\System32\win32u.dll
0x00007ffec4df0000 - 0x00007ffec4e1a000 	C:\WINDOWS\System32\GDI32.dll
0x00007ffec2c00000 - 0x00007ffec2d0b000 	C:\WINDOWS\System32\gdi32full.dll
0x00007ffec2b60000 - 0x00007ffec2bfd000 	C:\WINDOWS\System32\msvcp_win.dll
0x00007ffe9d5a0000 - 0x00007ffe9d5b5000 	C:\Program Files\Java\jdk-14.0.1\bin\VCRUNTIME140.dll
0x00007ffeaba20000 - 0x00007ffeabcbb000 	C:\WINDOWS\WinSxS\amd64_microsoft.windows.common-controls_6595b64144ccf1df_6.0.19041.746_none_ca02b4b61b8320a4\COMCTL32.dll
0x00007ffebc0a0000 - 0x00007ffebc0aa000 	C:\WINDOWS\SYSTEM32\VERSION.dll
0x00007ffec31b0000 - 0x00007ffec31e0000 	C:\WINDOWS\System32\IMM32.DLL
0x00007ffe885e0000 - 0x00007ffe8867b000 	C:\Program Files\Java\jdk-14.0.1\bin\msvcp140.dll
0x00007ffe367a0000 - 0x00007ffe372be000 	C:\Program Files\Java\jdk-14.0.1\bin\server\jvm.dll
0x00007ffec4400000 - 0x00007ffec4408000 	C:\WINDOWS\System32\PSAPI.DLL
0x00007ffebdb00000 - 0x00007ffebdb09000 	C:\WINDOWS\SYSTEM32\WSOCK32.dll
0x00007ffec40a0000 - 0x00007ffec410b000 	C:\WINDOWS\System32\WS2_32.dll
0x00007ffead7e0000 - 0x00007ffead807000 	C:\WINDOWS\SYSTEM32\WINMM.dll
0x00007ffec11b0000 - 0x00007ffec11c2000 	C:\WINDOWS\SYSTEM32\kernel.appcore.dll
0x00007ffeac630000 - 0x00007ffeac63a000 	C:\Program Files\Java\jdk-14.0.1\bin\jimage.dll
0x00007ffec0550000 - 0x00007ffec0734000 	C:\WINDOWS\SYSTEM32\DBGHELP.DLL
0x00007ffeabed0000 - 0x00007ffeabefc000 	C:\WINDOWS\SYSTEM32\dbgcore.DLL
0x00007ffec2e80000 - 0x00007ffec2f00000 	C:\WINDOWS\System32\bcryptPrimitives.dll
0x00007ffea6700000 - 0x00007ffea670e000 	C:\Program Files\Java\jdk-14.0.1\bin\instrument.dll
0x00007ffe9c1c0000 - 0x00007ffe9c1e5000 	C:\Program Files\Java\jdk-14.0.1\bin\java.dll
0x00007ffe9cce0000 - 0x00007ffe9ccf6000 	C:\Program Files\Java\jdk-14.0.1\bin\zip.dll
0x00007ffec4640000 - 0x00007ffec4d82000 	C:\WINDOWS\System32\SHELL32.dll
0x00007ffec0740000 - 0x00007ffec0ed0000 	C:\WINDOWS\SYSTEM32\windows.storage.dll
0x00007ffec3390000 - 0x00007ffec36e6000 	C:\WINDOWS\System32\combase.dll
0x00007ffec2220000 - 0x00007ffec224c000 	C:\WINDOWS\SYSTEM32\Wldp.dll
0x00007ffec4230000 - 0x00007ffec42de000 	C:\WINDOWS\System32\SHCORE.dll
0x00007ffec4d90000 - 0x00007ffec4de5000 	C:\WINDOWS\System32\shlwapi.dll
0x00007ffec27c0000 - 0x00007ffec27e6000 	C:\WINDOWS\SYSTEM32\profapi.dll
0x00007ffe9b0e0000 - 0x00007ffe9b0f9000 	C:\Program Files\Java\jdk-14.0.1\bin\net.dll
0x00007ffeb9960000 - 0x00007ffeb9a60000 	C:\WINDOWS\SYSTEM32\WINHTTP.dll
0x00007ffec1fa0000 - 0x00007ffec200a000 	C:\WINDOWS\system32\mswsock.dll
0x00007ffe9a9d0000 - 0x00007ffe9a9e2000 	C:\Program Files\Java\jdk-14.0.1\bin\nio.dll
0x00007ffe995e0000 - 0x00007ffe995fa000 	C:\Users\kumar\AppData\Local\JetBrains\Toolbox\apps\IDEA-U\ch-0\203.7148.57\bin\breakgen64.dll
0x00007ffe66b10000 - 0x00007ffe66ca8000 	C:\Program Files\Java\jdk-14.0.1\bin\awt.dll
0x00007ffec31e0000 - 0x00007ffec32ad000 	C:\WINDOWS\System32\OLEAUT32.dll
0x00007ffebf490000 - 0x00007ffebf520000 	C:\WINDOWS\SYSTEM32\apphelp.dll
0x00007ffebf910000 - 0x00007ffebf93f000 	C:\WINDOWS\system32\DWMAPI.DLL
0x00007ffebf560000 - 0x00007ffebf5fe000 	C:\WINDOWS\system32\uxtheme.dll
0x00007ffe63090000 - 0x00007ffe631b5000 	C:\WINDOWS\system32\opengl32.dll
0x00007ffe631c0000 - 0x00007ffe631ec000 	C:\WINDOWS\SYSTEM32\GLU32.dll
0x00007ffec3860000 - 0x00007ffec3975000 	C:\WINDOWS\System32\MSCTF.dll
0x00007ffec44b0000 - 0x00007ffec45da000 	C:\WINDOWS\System32\ole32.dll
0x00007ffeba090000 - 0x00007ffeba25f000 	C:\WINDOWS\system32\d3d9.dll
0x00007ffeb3930000 - 0x00007ffeb3a35000 	C:\WINDOWS\System32\DriverStore\FileRepository\nvmdsi.inf_amd64_e1fbeaf3dbdbe3fa\nvldumdx.dll
0x00007ffec23a0000 - 0x00007ffec23b2000 	C:\WINDOWS\SYSTEM32\msasn1.dll
0x00007ffebbed0000 - 0x00007ffebbf01000 	C:\WINDOWS\SYSTEM32\cryptnet.dll
0x00007ffec2f00000 - 0x00007ffec3056000 	C:\WINDOWS\System32\CRYPT32.dll
0x00007ffec2170000 - 0x00007ffec217c000 	C:\WINDOWS\SYSTEM32\cryptbase.dll
0x00007ffec2e20000 - 0x00007ffec2e80000 	C:\WINDOWS\System32\WINTRUST.DLL
0x00007ffec36f0000 - 0x00007ffec370d000 	C:\WINDOWS\System32\imagehlp.dll
0x00007ffec2180000 - 0x00007ffec2198000 	C:\WINDOWS\SYSTEM32\CRYPTSP.dll
0x00007ffec1940000 - 0x00007ffec1974000 	C:\WINDOWS\system32\rsaenh.dll
0x00007ffec2d10000 - 0x00007ffec2d37000 	C:\WINDOWS\System32\bcrypt.dll
0x00007ffe2ebb0000 - 0x00007ffe307f7000 	C:\WINDOWS\System32\DriverStore\FileRepository\nvmdsi.inf_amd64_e1fbeaf3dbdbe3fa\nvd3dumx.dll
0x00007ffea6b80000 - 0x00007ffea6e39000 	C:\WINDOWS\system32\nvspcap64.dll
0x00007ffec15a0000 - 0x00007ffec15d3000 	C:\WINDOWS\SYSTEM32\ntmarta.dll
0x00007ffec0ef0000 - 0x00007ffec0f13000 	C:\WINDOWS\SYSTEM32\gpapi.dll
0x00007ffeb3a40000 - 0x00007ffeb3a7b000 	C:\WINDOWS\SYSTEM32\dxcore.dll
0x00007ffec3160000 - 0x00007ffec31ae000 	C:\WINDOWS\System32\cfgmgr32.dll
0x00007ffe7a2b0000 - 0x00007ffe7a332000 	C:\Program Files\Java\jdk-14.0.1\bin\freetype.dll
0x00007ffe787e0000 - 0x00007ffe78886000 	C:\Program Files\Java\jdk-14.0.1\bin\fontmanager.dll

dbghelp: loaded successfully - version: 4.0.5 - missing functions: none
symbol engine: initialized successfully - sym options: 0x614 - pdb path: .;C:\Program Files\Java\jdk-14.0.1\bin;C:\WINDOWS\SYSTEM32;C:\WINDOWS\WinSxS\amd64_microsoft.windows.common-controls_6595b64144ccf1df_6.0.19041.746_none_ca02b4b61b8320a4;C:\Program Files\Java\jdk-14.0.1\bin\server;C:\Users\kumar\AppData\Local\JetBrains\Toolbox\apps\IDEA-U\ch-0\203.7148.57\bin;C:\WINDOWS\System32\DriverStore\FileRepository\nvmdsi.inf_amd64_e1fbeaf3dbdbe3fa

VM Arguments:
jvm_args: -javaagent:C:\Users\kumar\AppData\Local\JetBrains\Toolbox\apps\IDEA-U\ch-0\203.7148.57\lib\idea_rt.jar=65521:C:\Users\kumar\AppData\Local\JetBrains\Toolbox\apps\IDEA-U\ch-0\203.7148.57\bin -Dfile.encoding=UTF-8 
java_command: xyz.tomo.programming.TwitterFalcon
java_class_path (initial): G:\Pl Pf\FalconTwitter\out\production\FalconTwitter
Launcher Type: SUN_STANDARD

[Global flags]
     intx CICompilerCount                          = 4                                         {product} {ergonomic}
     uint ConcGCThreads                            = 2                                         {product} {ergonomic}
     uint G1ConcRefinementThreads                  = 8                                         {product} {ergonomic}
   size_t G1HeapRegionSize                         = 1048576                                   {product} {ergonomic}
    uintx GCDrainStackTargetSize                   = 64                                        {product} {ergonomic}
   size_t InitialHeapSize                          = 369098752                                 {product} {ergonomic}
   size_t MarkStackSize                            = 4194304                                   {product} {ergonomic}
   size_t MaxHeapSize                              = 5876219904                                {product} {ergonomic}
   size_t MaxNewSize                               = 3525312512                                {product} {ergonomic}
   size_t MinHeapDeltaBytes                        = 1048576                                   {product} {ergonomic}
   size_t MinHeapSize                              = 8388608                                   {product} {ergonomic}
    uintx NonNMethodCodeHeapSize                   = 5839372                                {pd product} {ergonomic}
    uintx NonProfiledCodeHeapSize                  = 122909434                              {pd product} {ergonomic}
    uintx ProfiledCodeHeapSize                     = 122909434                              {pd product} {ergonomic}
    uintx ReservedCodeCacheSize                    = 251658240                              {pd product} {ergonomic}
     bool SegmentedCodeCache                       = true                                      {product} {ergonomic}
   size_t SoftMaxHeapSize                          = 5876219904                             {manageable} {ergonomic}
     bool UseCompressedClassPointers               = true                                 {lp64_product} {ergonomic}
     bool UseCompressedOops                        = true                                 {lp64_product} {ergonomic}
     bool UseG1GC                                  = true                                      {product} {ergonomic}
     bool UseLargePagesIndividualAllocation        = false                                  {pd product} {ergonomic}

Logging:
Log output configuration:
 #0: stdout all=warning uptime,level,tags
 #1: stderr all=off uptime,level,tags

Environment Variables:
PATH=C:\Program Files (x86)\Common Files\Oracle\Java\javapath;C:\Program Files (x86)\Razer\ChromaBroadcast\bin;C:\Program Files\Razer\ChromaBroadcast\bin;C:\Program Files (x86)\Razer Chroma SDK\bin;C:\Program Files\Razer Chroma SDK\bin;C:\Program Files (x86)\Common Files\Intel\Shared Libraries\redist\intel64\compiler;C:\WINDOWS\system32;C:\WINDOWS;C:\WINDOWS\System32\Wbem;C:\WINDOWS\System32\WindowsPowerShell\v1.0\;C:\WINDOWS\System32\OpenSSH\;C:\Program Files (x86)\NVIDIA Corporation\PhysX\Common;C:\Program Files\NVIDIA Corporation\NVIDIA NvDLISR;C:\Users\kumar\AppData\Local\Microsoft\WindowsApps;C:\Users\kumar\AppData\Local\Programs\Microsoft VS Code\bin;C:\WINDOWS\system32;C:\WINDOWS;C:\WINDOWS\System32\Wbem;C:\WINDOWS\System32\WindowsPowerShell\v1.0\;C:\WINDOWS\System32\OpenSSH\;
USERNAME=shiba
OS=Windows_NT
PROCESSOR_IDENTIFIER=Intel64 Family 6 Model 42 Stepping 7, GenuineIntel



---------------  S Y S T E M  ---------------

OS: Windows 10 , 64 bit Build 19041 (10.0.19041.804)
OS uptime: 11 days 22:30 hours

CPU:total 8 (initial active 8) (4 cores per cpu, 2 threads per core) family 6 model 42 stepping 7, cmov, cx8, fxsr, mmx, sse, sse2, sse3, ssse3, sse4.1, sse4.2, popcnt, avx, aes, clmul, ht, tsc, tscinvbit

Memory: 4k page, system-wide physical 22416M (9965M free)
TotalPageFile size 122416M (AvailPageFile size 95502M)
current process WorkingSet (physical memory assigned to process): 75M, peak: 75M
current process commit charge ("private bytes"): 481M, peak: 481M

vm_info: Java HotSpot(TM) 64-Bit Server VM (14.0.1+7) for windows-amd64 JRE (14.0.1+7), built on Mar  5 2020 10:30:14 by "mach5one" with MS VC++ 15.9 (VS2017)

END.
